#
# There is insufficient memory for the Java Runtime Environment to continue.
# Native memory allocation (mmap) failed to map 200802304 bytes for committing reserved memory.
# Possible reasons:
#   The system is out of physical RAM or swap space
#   The process is running with CompressedOops enabled, and the Java Heap may be blocking the growth of the native heap
# Possible solutions:
#   Reduce memory load on the system
#   Increase physical memory or swap space
#   Check if swap backing store is full
#   Decrease Java heap size (-Xmx/-Xms)
#   Decrease number of Java threads
#   Decrease Java thread stack sizes (-Xss)
#   Set larger code cache with -XX:ReservedCodeCacheSize=
#   JVM is running with Unscaled Compressed Oops mode in which the Java heap is
#     placed in the first 4GB address space. The Java Heap base address is the
#     maximum limit for the native heap growth. Please use -XX:HeapBaseMinAddress
#     to set the Java Heap base and to place the Java Heap above 4GB virtual address.
# This output file may be truncated or incomplete.
#
#  Out of Memory Error (os_linux.cpp:2756), pid=10752, tid=0x00007fb25250a700
#
# JRE version: OpenJDK Runtime Environment (8.0_212-b03) (build 1.8.0_212-8u212-b03-0ubuntu1.18.04.1-b03)
# Java VM: OpenJDK 64-Bit Server VM (25.212-b03 mixed mode linux-amd64 compressed oops)
# Failed to write core dump. Core dumps have been disabled. To enable core dumping, try "ulimit -c unlimited" before starting Java again
#

---------------  T H R E A D  ---------------

Current thread (0x00007fb26c079800):  VMThread [stack: 0x00007fb25240b000,0x00007fb25250b000] [id=10776]

Stack: [0x00007fb25240b000,0x00007fb25250b000],  sp=0x00007fb252509460,  free space=1017k
Native frames: (J=compiled Java code, j=interpreted, Vv=VM code, C=native code)
V  [libjvm.so+0xab46a2]
V  [libjvm.so+0x4db6b7]
V  [libjvm.so+0x8ef7b0]
V  [libjvm.so+0x8e68ce]
V  [libjvm.so+0x96a406]
V  [libjvm.so+0x95905a]
V  [libjvm.so+0x959228]
V  [libjvm.so+0x959e30]
V  [libjvm.so+0x9601dc]
V  [libjvm.so+0x9682d5]
V  [libjvm.so+0x916928]
V  [libjvm.so+0xab6372]
V  [libjvm.so+0xabaea6]
V  [libjvm.so+0xab91e5]
V  [libjvm.so+0xab9abd]
V  [libjvm.so+0xab9e97]
V  [libjvm.so+0x8ecb42]

VM_Operation (0x00007fb2001c8cf0): ParallelGCFailedAllocation, mode: safepoint, requested by thread 0x00007fb2159e0000


---------------  P R O C E S S  ---------------

Java Threads: ( => current thread )
  0x00007fb1d4003000 JavaThread "MessageBroker-3" [_thread_blocked, id=11449, stack(0x00007fb1dc6eb000,0x00007fb1dc7ec000)]
  0x00007fb1d4001800 JavaThread "MessageBroker-2" [_thread_blocked, id=10914, stack(0x00007fb1dc9ec000,0x00007fb1dcaed000)]
  0x00007fb208002800 JavaThread "elasticsearch[_client_][generic][T#4]" daemon [_thread_blocked, id=10839, stack(0x00007fb1dcced000,0x00007fb1dcdee000)]
  0x00007fb2304cf800 JavaThread "elasticsearch[_client_][generic][T#3]" daemon [_thread_blocked, id=10838, stack(0x00007fb1dcdee000,0x00007fb1dceef000)]
  0x00007fb208001800 JavaThread "elasticsearch[_client_][generic][T#2]" daemon [_thread_blocked, id=10837, stack(0x00007fb24bcff000,0x00007fb24be00000)]
  0x00007fb215a0c800 JavaThread "http-nio-8081-Acceptor-0" daemon [_thread_in_native, id=10824, stack(0x00007fb1ddef0000,0x00007fb1ddff1000)]
  0x00007fb215a0a800 JavaThread "http-nio-8081-ClientPoller-1" daemon [_thread_in_native, id=10823, stack(0x00007fb1ddff1000,0x00007fb1de0f2000)]
  0x00007fb215a09000 JavaThread "http-nio-8081-ClientPoller-0" daemon [_thread_in_native, id=10822, stack(0x00007fb1de2f2000,0x00007fb1de3f3000)]
  0x00007fb215a07000 JavaThread "http-nio-8081-exec-10" daemon [_thread_blocked, id=10821, stack(0x00007fb1de3f3000,0x00007fb1de4f4000)]
  0x00007fb215a05000 JavaThread "http-nio-8081-exec-9" daemon [_thread_blocked, id=10820, stack(0x00007fb1de4f4000,0x00007fb1de5f5000)]
  0x00007fb215a03800 JavaThread "http-nio-8081-exec-8" daemon [_thread_blocked, id=10819, stack(0x00007fb1de5f5000,0x00007fb1de6f6000)]
  0x00007fb215a01800 JavaThread "http-nio-8081-exec-7" daemon [_thread_blocked, id=10818, stack(0x00007fb1de6f6000,0x00007fb1de7f7000)]
  0x00007fb2159ff800 JavaThread "http-nio-8081-exec-6" daemon [_thread_blocked, id=10817, stack(0x00007fb1de7f7000,0x00007fb1de8f8000)]
  0x00007fb2159fd800 JavaThread "http-nio-8081-exec-5" daemon [_thread_blocked, id=10816, stack(0x00007fb1de8f8000,0x00007fb1de9f9000)]
  0x00007fb2159fb800 JavaThread "http-nio-8081-exec-4" daemon [_thread_blocked, id=10815, stack(0x00007fb1de9f9000,0x00007fb1deafa000)]
  0x00007fb2159fa000 JavaThread "http-nio-8081-exec-3" daemon [_thread_blocked, id=10814, stack(0x00007fb1deafa000,0x00007fb1debfb000)]
  0x00007fb2159f8000 JavaThread "http-nio-8081-exec-2" daemon [_thread_blocked, id=10813, stack(0x00007fb1debfb000,0x00007fb1decfc000)]
  0x00007fb2159f7000 JavaThread "http-nio-8081-exec-1" daemon [_thread_blocked, id=10812, stack(0x00007fb1decfc000,0x00007fb1dedfd000)]
  0x00007fb1ec003000 JavaThread "kafka-coordinator-heartbeat-thread | group_id" daemon [_thread_blocked, id=10811, stack(0x00007fb1dedfd000,0x00007fb1deefe000)]
  0x00007fb2159f2000 JavaThread "NioBlockingSelector.BlockPoller-1" daemon [_thread_in_native, id=10810, stack(0x00007fb1deefe000,0x00007fb1defff000)]
  0x00007fb2159e0000 JavaThread "org.springframework.kafka.KafkaListenerEndpointContainer#0-0-C-1" [_thread_blocked, id=10809, stack(0x00007fb2000ca000,0x00007fb2001cb000)]
  0x00007fb21594c800 JavaThread "ThreadPoolTaskScheduler-1" [_thread_blocked, id=10808, stack(0x00007fb2001cb000,0x00007fb2002cc000)]
  0x00007fb1cc03b800 JavaThread "I/O dispatcher 4" [_thread_blocked, id=10807, stack(0x00007fb2004cc000,0x00007fb2005cd000)]
  0x00007fb1cc03a000 JavaThread "I/O dispatcher 3" [_thread_in_native, id=10806, stack(0x00007fb2005cd000,0x00007fb2006ce000)]
  0x00007fb1cc038000 JavaThread "I/O dispatcher 2" [_thread_in_native, id=10805, stack(0x00007fb2006ce000,0x00007fb2007cf000)]
  0x00007fb1cc001800 JavaThread "I/O dispatcher 1" [_thread_in_native, id=10804, stack(0x00007fb2007cf000,0x00007fb2008d0000)]
  0x00007fb2158d2800 JavaThread "pool-1-thread-1" [_thread_in_native, id=10803, stack(0x00007fb2008d0000,0x00007fb2009d1000)]
  0x00007fb2155f9000 JavaThread "MessageBroker-1" [_thread_blocked, id=10802, stack(0x00007fb2480ec000,0x00007fb2481ed000)]
  0x00007fb2153a8800 JavaThread "elasticsearch[_client_][transport_client_boss][T#8]" daemon [_thread_in_native, id=10801, stack(0x00007fb2483ed000,0x00007fb2484ee000)]
  0x00007fb2153a7000 JavaThread "elasticsearch[_client_][transport_client_boss][T#7]" daemon [_thread_in_native, id=10800, stack(0x00007fb2484ee000,0x00007fb2485ef000)]
  0x00007fb2153a5000 JavaThread "elasticsearch[_client_][transport_client_boss][T#6]" daemon [_thread_in_native, id=10799, stack(0x00007fb2485ef000,0x00007fb2486f0000)]
  0x00007fb2153a3800 JavaThread "elasticsearch[_client_][transport_client_boss][T#5]" daemon [_thread_in_native, id=10798, stack(0x00007fb2486f0000,0x00007fb2487f1000)]
  0x00007fb2153a2000 JavaThread "elasticsearch[_client_][transport_client_boss][T#4]" daemon [_thread_in_native, id=10797, stack(0x00007fb2487f1000,0x00007fb2488f2000)]
  0x00007fb2153a0000 JavaThread "elasticsearch[_client_][transport_client_boss][T#3]" daemon [_thread_in_native, id=10796, stack(0x00007fb2488f2000,0x00007fb2489f3000)]
  0x00007fb21539e800 JavaThread "elasticsearch[_client_][transport_client_boss][T#2]" daemon [_thread_in_native, id=10795, stack(0x00007fb2489f3000,0x00007fb248af4000)]
  0x00007fb21539c000 JavaThread "elasticsearch[_client_][generic][T#1]" daemon [_thread_blocked, id=10794, stack(0x00007fb248af4000,0x00007fb248bf5000)]
  0x00007fb215337000 JavaThread "elasticsearch[_client_][transport_client_boss][T#1]" daemon [_thread_in_native, id=10793, stack(0x00007fb248bf5000,0x00007fb248cf6000)]
  0x00007fb21484b800 JavaThread "elasticsearch[_client_][scheduler][T#1]" daemon [_thread_blocked, id=10792, stack(0x00007fb248ef6000,0x00007fb248ff7000)]
  0x00007fb214fc1000 JavaThread "elasticsearch[_client_][[timer]]" daemon [_thread_blocked, id=10791, stack(0x00007fb249a0c000,0x00007fb249b0d000)]
  0x00007fb214e26800 JavaThread "container-0" [_thread_blocked, id=10790, stack(0x00007fb249f0d000,0x00007fb24a00e000)]
  0x00007fb21836a000 JavaThread "Catalina-utility-2" [_thread_blocked, id=10789, stack(0x00007fb24aa0e000,0x00007fb24ab0f000)]
  0x00007fb214e17000 JavaThread "Catalina-utility-1" [_thread_blocked, id=10788, stack(0x00007fb24b719000,0x00007fb24b81a000)]
  0x00007fb26c0ec000 JavaThread "Service Thread" daemon [_thread_blocked, id=10783, stack(0x00007fb2511d2000,0x00007fb2512d3000)]
  0x00007fb26c0bf000 JavaThread "C1 CompilerThread2" daemon [_thread_blocked, id=10782, stack(0x00007fb2512d4000,0x00007fb2513d4000)]
  0x00007fb26c0bd800 JavaThread "C2 CompilerThread1" daemon [_thread_blocked, id=10781, stack(0x00007fb2513d5000,0x00007fb2514d5000)]
  0x00007fb26c0ba800 JavaThread "C2 CompilerThread0" daemon [_thread_blocked, id=10780, stack(0x00007fb2514d6000,0x00007fb2515d6000)]
  0x00007fb26c0b9000 JavaThread "Signal Dispatcher" daemon [_thread_blocked, id=10779, stack(0x00007fb2515d6000,0x00007fb2516d7000)]
  0x00007fb26c085800 JavaThread "Finalizer" daemon [_thread_blocked, id=10778, stack(0x00007fb252208000,0x00007fb252309000)]
  0x00007fb26c083000 JavaThread "Reference Handler" daemon [_thread_blocked, id=10777, stack(0x00007fb252309000,0x00007fb25240a000)]
  0x00007fb26c00b800 JavaThread "main" [_thread_blocked, id=10771, stack(0x00007fb273697000,0x00007fb273797000)]

Other Threads:
=>0x00007fb26c079800 VMThread [stack: 0x00007fb25240b000,0x00007fb25250b000] [id=10776]
  0x00007fb26c0ee800 WatcherThread [stack: 0x00007fb2510d2000,0x00007fb2511d2000] [id=10784]

VM state:at safepoint (normal execution)

VM Mutex/Monitor currently owned by a thread:  ([mutex/lock_event])
[0x00007fb26c007900] ExpandHeap_lock - owner thread: 0x00007fb26c079800
[0x00007fb26c007f80] Threads_lock - owner thread: 0x00007fb26c079800
[0x00007fb26c008480] Heap_lock - owner thread: 0x00007fb2159e0000

heap address: 0x0000000083400000, size: 1996 MB, Compressed Oops mode: 32-bit
Narrow klass base: 0x0000000000000000, Narrow klass shift: 3
Compressed class space size: 1073741824 Address: 0x0000000100000000

Heap:
 PSYoungGen      total 384512K, used 0K [0x00000000d6700000, 0x00000000f5100000, 0x0000000100000000)
  eden space 325120K, 0% used [0x00000000d6700000,0x00000000d6700000,0x00000000ea480000)
  from space 59392K, 0% used [0x00000000ee680000,0x00000000ee680000,0x00000000f2080000)
  to   space 67584K, 0% used [0x00000000ea480000,0x00000000ea480000,0x00000000ee680000)
 ParOldGen       total 217088K, used 178522K [0x0000000083400000, 0x0000000090800000, 0x00000000d6700000)
  object space 217088K, 82% used [0x0000000083400000,0x000000008e256ab0,0x0000000090800000)
 Metaspace       used 78399K, capacity 82334K, committed 82776K, reserved 1122304K
  class space    used 9827K, capacity 10793K, committed 10880K, reserved 1048576K

Card table byte_map: [0x00007fb25c650000,0x00007fb25ca37000] byte_map_base: 0x00007fb25c236000

Marking Bits: (ParMarkBitMap*) 0x00007fb27292a3c0
 Begin Bits: [0x00007fb258253000, 0x00007fb25a183000)
 End Bits:   [0x00007fb25a183000, 0x00007fb25c0b3000)

Polling page: 0x00007fb2737ab000

CodeCache: size=245760Kb used=28838Kb max_used=28849Kb free=216921Kb
 bounds [0x00007fb25cdf7000, 0x00007fb25ea57000, 0x00007fb26bdf7000]
 total_blobs=9380 nmethods=8692 adapters=601
 compilation: enabled

Compilation events (10 events):
Event: 1964,939 Thread 0x00007fb26c0bf000 10786       3       org.elasticsearch.action.admin.cluster.node.liveness.LivenessResponse::<init> (5 bytes)
Event: 1964,939 Thread 0x00007fb26c0bf000 nmethod 10786 0x00007fb25ea45b90 code [0x00007fb25ea45d00, 0x00007fb25ea45fd0]
Event: 1964,939 Thread 0x00007fb26c0bf000 10787       3       org.elasticsearch.action.admin.cluster.node.liveness.LivenessResponse::readFrom (34 bytes)
Event: 1964,939 Thread 0x00007fb26c0bf000 nmethod 10787 0x00007fb25ea46150 code [0x00007fb25ea46340, 0x00007fb25ea46bc8]
Event: 1964,939 Thread 0x00007fb26c0bf000 10788       3       org.elasticsearch.action.admin.cluster.node.liveness.LivenessResponse$$Lambda$1161/615777275::read (9 bytes)
Event: 1964,939 Thread 0x00007fb26c0bf000 nmethod 10788 0x00007fb25e860b90 code [0x00007fb25e860d00, 0x00007fb25e860ee8]
Event: 1964,939 Thread 0x00007fb26c0bf000 10789       3       java.util.concurrent.locks.ReentrantReadWriteLock$ReadLock::tryLock (8 bytes)
Event: 1964,940 Thread 0x00007fb26c0bf000 nmethod 10789 0x00007fb25ea46f90 code [0x00007fb25ea47100, 0x00007fb25ea47308]
Event: 1968,608 Thread 0x00007fb26c0ba800 10790       4       io.netty.util.ReferenceCountUtil::release (19 bytes)
Event: 1968,610 Thread 0x00007fb26c0ba800 nmethod 10790 0x00007fb25e857550 code [0x00007fb25e8576a0, 0x00007fb25e857798]

GC Heap History (10 events):
Event: 6,619 GC heap after
Heap after GC invocations=11 (full 2):
 PSYoungGen      total 278528K, used 0K [0x00000000d6700000, 0x00000000edc00000, 0x0000000100000000)
  eden space 259072K, 0% used [0x00000000d6700000,0x00000000d6700000,0x00000000e6400000)
  from space 19456K, 0% used [0x00000000e6400000,0x00000000e6400000,0x00000000e7700000)
  to   space 19968K, 0% used [0x00000000ec880000,0x00000000ec880000,0x00000000edc00000)
 ParOldGen       total 129024K, used 39703K [0x0000000083400000, 0x000000008b200000, 0x00000000d6700000)
  object space 129024K, 30% used [0x0000000083400000,0x0000000085ac5d60,0x000000008b200000)
 Metaspace       used 34228K, capacity 35250K, committed 35416K, reserved 1081344K
  class space    used 4161K, capacity 4447K, committed 4480K, reserved 1048576K
}
Event: 9,641 GC heap before
{Heap before GC invocations=12 (full 2):
 PSYoungGen      total 278528K, used 240959K [0x00000000d6700000, 0x00000000edc00000, 0x0000000100000000)
  eden space 259072K, 93% used [0x00000000d6700000,0x00000000e524fd08,0x00000000e6400000)
  from space 19456K, 0% used [0x00000000e6400000,0x00000000e6400000,0x00000000e7700000)
  to   space 19968K, 0% used [0x00000000ec880000,0x00000000ec880000,0x00000000edc00000)
 ParOldGen       total 129024K, used 39703K [0x0000000083400000, 0x000000008b200000, 0x00000000d6700000)
  object space 129024K, 30% used [0x0000000083400000,0x0000000085ac5d60,0x000000008b200000)
 Metaspace       used 56203K, capacity 58782K, committed 59028K, reserved 1101824K
  class space    used 6981K, capacity 7649K, committed 7680K, reserved 1048576K
Event: 9,664 GC heap after
Heap after GC invocations=12 (full 2):
 PSYoungGen      total 314368K, used 19957K [0x00000000d6700000, 0x00000000edc00000, 0x0000000100000000)
  eden space 294400K, 0% used [0x00000000d6700000,0x00000000d6700000,0x00000000e8680000)
  from space 19968K, 99% used [0x00000000ec880000,0x00000000edbfd628,0x00000000edc00000)
  to   space 25088K, 0% used [0x00000000eab00000,0x00000000eab00000,0x00000000ec380000)
 ParOldGen       total 129024K, used 46750K [0x0000000083400000, 0x000000008b200000, 0x00000000d6700000)
  object space 129024K, 36% used [0x0000000083400000,0x00000000861a7830,0x000000008b200000)
 Metaspace       used 56203K, capacity 58782K, committed 59028K, reserved 1101824K
  class space    used 6981K, capacity 7649K, committed 7680K, reserved 1048576K
}
Event: 9,664 GC heap before
{Heap before GC invocations=13 (full 3):
 PSYoungGen      total 314368K, used 19957K [0x00000000d6700000, 0x00000000edc00000, 0x0000000100000000)
  eden space 294400K, 0% used [0x00000000d6700000,0x00000000d6700000,0x00000000e8680000)
  from space 19968K, 99% used [0x00000000ec880000,0x00000000edbfd628,0x00000000edc00000)
  to   space 25088K, 0% used [0x00000000eab00000,0x00000000eab00000,0x00000000ec380000)
 ParOldGen       total 129024K, used 46750K [0x0000000083400000, 0x000000008b200000, 0x00000000d6700000)
  object space 129024K, 36% used [0x0000000083400000,0x00000000861a7830,0x000000008b200000)
 Metaspace       used 56203K, capacity 58782K, committed 59028K, reserved 1101824K
  class space    used 6981K, capacity 7649K, committed 7680K, reserved 1048576K
Event: 9,866 GC heap after
Heap after GC invocations=13 (full 3):
 PSYoungGen      total 314368K, used 0K [0x00000000d6700000, 0x00000000edc00000, 0x0000000100000000)
  eden space 294400K, 0% used [0x00000000d6700000,0x00000000d6700000,0x00000000e8680000)
  from space 19968K, 0% used [0x00000000ec880000,0x00000000ec880000,0x00000000edc00000)
  to   space 25088K, 0% used [0x00000000eab00000,0x00000000eab00000,0x00000000ec380000)
 ParOldGen       total 183296K, used 54948K [0x0000000083400000, 0x000000008e700000, 0x00000000d6700000)
  object space 183296K, 29% used [0x0000000083400000,0x00000000869a9158,0x000000008e700000)
 Metaspace       used 56203K, capacity 58782K, committed 59028K, reserved 1101824K
  class space    used 6981K, capacity 7649K, committed 7680K, reserved 1048576K
}
Event: 12,526 GC heap before
{Heap before GC invocations=14 (full 3):
 PSYoungGen      total 314368K, used 294400K [0x00000000d6700000, 0x00000000edc00000, 0x0000000100000000)
  eden space 294400K, 100% used [0x00000000d6700000,0x00000000e8680000,0x00000000e8680000)
  from space 19968K, 0% used [0x00000000ec880000,0x00000000ec880000,0x00000000edc00000)
  to   space 25088K, 0% used [0x00000000eab00000,0x00000000eab00000,0x00000000ec380000)
 ParOldGen       total 183296K, used 54948K [0x0000000083400000, 0x000000008e700000, 0x00000000d6700000)
  object space 183296K, 29% used [0x0000000083400000,0x00000000869a9158,0x000000008e700000)
 Metaspace       used 73665K, capacity 77528K, committed 77784K, reserved 1116160K
  class space    used 9462K, capacity 10384K, committed 10496K, reserved 1048576K
Event: 12,568 GC heap after
Heap after GC invocations=14 (full 3):
 PSYoungGen      total 356864K, used 25080K [0x00000000d6700000, 0x00000000f2080000, 0x0000000100000000)
  eden space 331776K, 0% used [0x00000000d6700000,0x00000000d6700000,0x00000000eab00000)
  from space 25088K, 99% used [0x00000000eab00000,0x00000000ec37e050,0x00000000ec380000)
  to   space 59392K, 0% used [0x00000000ee680000,0x00000000ee680000,0x00000000f2080000)
 ParOldGen       total 183296K, used 137195K [0x0000000083400000, 0x000000008e700000, 0x00000000d6700000)
  object space 183296K, 74% used [0x0000000083400000,0x000000008b9faed0,0x000000008e700000)
 Metaspace       used 73665K, capacity 77528K, committed 77784K, reserved 1116160K
  class space    used 9462K, capacity 10384K, committed 10496K, reserved 1048576K
}
Event: 1974,216 GC heap before
{Heap before GC invocations=15 (full 3):
 PSYoungGen      total 356864K, used 356856K [0x00000000d6700000, 0x00000000f2080000, 0x0000000100000000)
  eden space 331776K, 100% used [0x00000000d6700000,0x00000000eab00000,0x00000000eab00000)
  from space 25088K, 99% used [0x00000000eab00000,0x00000000ec37e050,0x00000000ec380000)
  to   space 59392K, 0% used [0x00000000ee680000,0x00000000ee680000,0x00000000f2080000)
 ParOldGen       total 183296K, used 137195K [0x0000000083400000, 0x000000008e700000, 0x00000000d6700000)
  object space 183296K, 74% used [0x0000000083400000,0x000000008b9faed0,0x000000008e700000)
 Metaspace       used 78631K, capacity 82760K, committed 82776K, reserved 1122304K
  class space    used 9868K, capacity 10870K, committed 10880K, reserved 1048576K
Event: 1974,311 GC heap after
Heap after GC invocations=15 (full 3):
 PSYoungGen      total 384512K, used 54148K [0x00000000d6700000, 0x00000000f5100000, 0x0000000100000000)
  eden space 325120K, 0% used [0x00000000d6700000,0x00000000d6700000,0x00000000ea480000)
  from space 59392K, 91% used [0x00000000ee680000,0x00000000f1b61120,0x00000000f2080000)
  to   space 67584K, 0% used [0x00000000ea480000,0x00000000ea480000,0x00000000ee680000)
 ParOldGen       total 217088K, used 211026K [0x0000000083400000, 0x0000000090800000, 0x00000000d6700000)
  object space 217088K, 97% used [0x0000000083400000,0x0000000090214a78,0x0000000090800000)
 Metaspace       used 78631K, capacity 82760K, committed 82776K, reserved 1122304K
  class space    used 9868K, capacity 10870K, committed 10880K, reserved 1048576K
}
Event: 1974,311 GC heap before
{Heap before GC invocations=16 (full 4):
 PSYoungGen      total 384512K, used 54148K [0x00000000d6700000, 0x00000000f5100000, 0x0000000100000000)
  eden space 325120K, 0% used [0x00000000d6700000,0x00000000d6700000,0x00000000ea480000)
  from space 59392K, 91% used [0x00000000ee680000,0x00000000f1b61120,0x00000000f2080000)
  to   space 67584K, 0% used [0x00000000ea480000,0x00000000ea480000,0x00000000ee680000)
 ParOldGen       total 217088K, used 211026K [0x0000000083400000, 0x0000000090800000, 0x00000000d6700000)
  object space 217088K, 97% used [0x0000000083400000,0x0000000090214a78,0x0000000090800000)
 Metaspace       used 78631K, capacity 82760K, committed 82776K, reserved 1122304K
  class space    used 9868K, capacity 10870K, committed 10880K, reserved 1048576K

Deoptimization events (10 events):
Event: 799,398 Thread 0x00007fb21539e800 Uncommon trap: reason=unstable_if action=reinterpret pc=0x00007fb25e62b034 method=io.netty.util.internal.shaded.org.jctools.queues.atomic.BaseMpscLinkedAtomicArrayQueue.isEmpty()Z @ 9
Event: 821,967 Thread 0x00007fb2159e0000 Uncommon trap: reason=unstable_if action=reinterpret pc=0x00007fb25e936444 method=org.apache.kafka.common.network.Selector.addToCompletedReceives()V @ 94
Event: 824,470 Thread 0x00007fb2159e0000 Uncommon trap: reason=unstable_if action=reinterpret pc=0x00007fb25e957b20 method=java.util.concurrent.ConcurrentLinkedQueue.offer(Ljava/lang/Object;)Z @ 62
Event: 844,817 Thread 0x00007fb2159e0000 Uncommon trap: reason=unstable_if action=reinterpret pc=0x00007fb25df33244 method=java.util.concurrent.ConcurrentLinkedQueue.peek()Ljava/lang/Object; @ 24
Event: 854,028 Thread 0x00007fb2159e0000 Uncommon trap: reason=unstable_if action=reinterpret pc=0x00007fb25e917c4c method=java.util.concurrent.ConcurrentLinkedQueue.offer(Ljava/lang/Object;)Z @ 62
Event: 855,799 Thread 0x00007fb1ec003000 Uncommon trap: reason=unstable_if action=reinterpret pc=0x00007fb25e8da1a8 method=sun.nio.ch.Util$BufferCache.get(I)Ljava/nio/ByteBuffer; @ 47
Event: 1298,407 Thread 0x00007fb2153a2000 Uncommon trap: reason=unstable_if action=reinterpret pc=0x00007fb25e962b38 method=io.netty.util.internal.shaded.org.jctools.queues.atomic.MpscAtomicArrayQueue.offer(Ljava/lang/Object;)Z @ 33
Event: 1298,407 Thread 0x00007fb2153a3800 Uncommon trap: reason=unstable_if action=reinterpret pc=0x00007fb25e968e80 method=io.netty.util.internal.shaded.org.jctools.queues.atomic.MpscAtomicArrayQueue.offer(Ljava/lang/Object;)Z @ 33
Event: 1303,712 Thread 0x00007fb21836a000 Uncommon trap: reason=unstable_if action=reinterpret pc=0x00007fb25e62b050 method=java.util.concurrent.locks.ReentrantLock$Sync.nonfairTryAcquire(I)Z @ 19
Event: 1348,428 Thread 0x00007fb208001800 Uncommon trap: reason=unstable_if action=reinterpret pc=0x00007fb25e8c2d98 method=io.netty.util.internal.shaded.org.jctools.queues.atomic.BaseMpscLinkedAtomicArrayQueue.offer(Ljava/lang/Object;)Z @ 53

Classes redefined (0 events):
No events

Internal exceptions (10 events):
Event: 11,177 Thread 0x00007fb26caf1000 Exception <a 'java/lang/ClassNotFoundException': org/springframework/beans/factory/AwareCustomizer> (0x00000000e2d02660) thrown at [/build/openjdk-8-fPix8r/openjdk-8-8u212-b03/src/hotspot/src/share/vm/classfile/systemDictionary.cpp, line 210]
Event: 12,135 Thread 0x00007fb26caf1000 Implicit null exception at 0x00007fb25df6ec6f to 0x00007fb25df6ece1
Event: 12,136 Thread 0x00007fb26caf1000 Implicit null exception at 0x00007fb25d401883 to 0x00007fb25d401b39
Event: 12,148 Thread 0x00007fb26caf1000 Implicit null exception at 0x00007fb25e1ba183 to 0x00007fb25e1bd58d
Event: 12,254 Thread 0x00007fb26caf1000 Exception <a 'java/lang/ClassNotFoundException': java/lang/ObjectCustomizer> (0x00000000e740fd30) thrown at [/build/openjdk-8-fPix8r/openjdk-8-8u212-b03/src/hotspot/src/share/vm/classfile/systemDictionary.cpp, line 210]
Event: 12,255 Thread 0x00007fb26caf1000 Exception <a 'java/lang/ClassNotFoundException': org/springframework/kafka/listener/ContainerPropertiesCustomizer> (0x00000000e74364e8) thrown at [/build/openjdk-8-fPix8r/openjdk-8-8u212-b03/src/hotspot/src/share/vm/classfile/systemDictionary.cpp, line 21
Event: 29,786 Thread 0x00007fb2159f7000 Exception <a 'java/lang/NoSuchMethodError': java.lang.Object.lambda$thenComparing$36697e65$1(Ljava/util/Comparator;Ljava/lang/Object;Ljava/lang/Object;)I> (0x00000000e5302e88) thrown at [/build/openjdk-8-fPix8r/openjdk-8-8u212-b03/src/hotspot/src/share/vm
Event: 312,809 Thread 0x00007fb2159e0000 Implicit null exception at 0x00007fb25e81fbd0 to 0x00007fb25e81fbe0
Event: 553,140 Thread 0x00007fb1ec003000 Implicit null exception at 0x00007fb25e909924 to 0x00007fb25e910865
Event: 553,377 Thread 0x00007fb2159e0000 Implicit null exception at 0x00007fb25e886081 to 0x00007fb25e886139

Events (10 events):
Event: 1964,935 Executing VM operation: RevokeBias done
Event: 1964,937 Executing VM operation: RevokeBias
Event: 1964,938 Executing VM operation: RevokeBias done
Event: 1969,938 Executing VM operation: RevokeBias
Event: 1969,938 Executing VM operation: RevokeBias done
Event: 1969,939 Executing VM operation: RevokeBias
Event: 1969,939 Executing VM operation: RevokeBias done
Event: 1969,941 Executing VM operation: RevokeBias
Event: 1969,941 Executing VM operation: RevokeBias done
Event: 1974,214 Executing VM operation: ParallelGCFailedAllocation


Dynamic libraries:
83400000-90800000 rw-p 00000000 00:00 0 
9c780000-d6700000 ---p 00000000 00:00 0 
d6700000-f5100000 rw-p 00000000 00:00 0 
f5100000-100000000 ---p 00000000 00:00 0 
100000000-100aa0000 rw-p 00000000 00:00 0 
100aa0000-140000000 ---p 00000000 00:00 0 
563f01215000-563f01216000 r-xp 00000000 08:01 2094179                    /usr/lib/jvm/java-8-openjdk-amd64/jre/bin/java
563f01415000-563f01416000 r--p 00000000 08:01 2094179                    /usr/lib/jvm/java-8-openjdk-amd64/jre/bin/java
563f01416000-563f01417000 rw-p 00001000 08:01 2094179                    /usr/lib/jvm/java-8-openjdk-amd64/jre/bin/java
563f02a5a000-563f02a7b000 rw-p 00000000 00:00 0                          [heap]
7fb1cc000000-7fb1cc03e000 rw-p 00000000 00:00 0 
7fb1cc03e000-7fb1d0000000 ---p 00000000 00:00 0 
7fb1d0ffd000-7fb1d4000000 rw-p 00000000 00:00 0 
7fb1d4000000-7fb1d4021000 rw-p 00000000 00:00 0 
7fb1d4021000-7fb1d8000000 ---p 00000000 00:00 0 
7fb1d8000000-7fb1d8021000 rw-p 00000000 00:00 0 
7fb1d8021000-7fb1dc000000 ---p 00000000 00:00 0 
7fb1dc6eb000-7fb1dc6ee000 ---p 00000000 00:00 0 
7fb1dc6ee000-7fb1dc82c000 rw-p 00000000 00:00 0 
7fb1dc82c000-7fb1dc9ec000 ---p 00000000 00:00 0 
7fb1dc9ec000-7fb1dc9ef000 ---p 00000000 00:00 0 
7fb1dc9ef000-7fb1dcced000 rw-p 00000000 00:00 0 
7fb1dcced000-7fb1dccf0000 ---p 00000000 00:00 0 
7fb1dccf0000-7fb1dcdee000 rw-p 00000000 00:00 0 
7fb1dcdee000-7fb1dcdf1000 ---p 00000000 00:00 0 
7fb1dcdf1000-7fb1ddef0000 rw-p 00000000 00:00 0 
7fb1ddef0000-7fb1ddef3000 ---p 00000000 00:00 0 
7fb1ddef3000-7fb1ddff1000 rw-p 00000000 00:00 0 
7fb1ddff1000-7fb1ddff4000 ---p 00000000 00:00 0 
7fb1ddff4000-7fb1de2f2000 rw-p 00000000 00:00 0 
7fb1de2f2000-7fb1de2f5000 ---p 00000000 00:00 0 
7fb1de2f5000-7fb1de3f3000 rw-p 00000000 00:00 0 
7fb1de3f3000-7fb1de3f6000 ---p 00000000 00:00 0 
7fb1de3f6000-7fb1de4f4000 rw-p 00000000 00:00 0 
7fb1de4f4000-7fb1de4f7000 ---p 00000000 00:00 0 
7fb1de4f7000-7fb1de5f5000 rw-p 00000000 00:00 0 
7fb1de5f5000-7fb1de5f8000 ---p 00000000 00:00 0 
7fb1de5f8000-7fb1de6f6000 rw-p 00000000 00:00 0 
7fb1de6f6000-7fb1de6f9000 ---p 00000000 00:00 0 
7fb1de6f9000-7fb1de7f7000 rw-p 00000000 00:00 0 
7fb1de7f7000-7fb1de7fa000 ---p 00000000 00:00 0 
7fb1de7fa000-7fb1de8f8000 rw-p 00000000 00:00 0 
7fb1de8f8000-7fb1de8fb000 ---p 00000000 00:00 0 
7fb1de8fb000-7fb1de9f9000 rw-p 00000000 00:00 0 
7fb1de9f9000-7fb1de9fc000 ---p 00000000 00:00 0 
7fb1de9fc000-7fb1deafa000 rw-p 00000000 00:00 0 
7fb1deafa000-7fb1deafd000 ---p 00000000 00:00 0 
7fb1deafd000-7fb1debfb000 rw-p 00000000 00:00 0 
7fb1debfb000-7fb1debfe000 ---p 00000000 00:00 0 
7fb1debfe000-7fb1decfc000 rw-p 00000000 00:00 0 
7fb1decfc000-7fb1decff000 ---p 00000000 00:00 0 
7fb1decff000-7fb1dedfd000 rw-p 00000000 00:00 0 
7fb1dedfd000-7fb1dee00000 ---p 00000000 00:00 0 
7fb1dee00000-7fb1deefe000 rw-p 00000000 00:00 0 
7fb1deefe000-7fb1def01000 ---p 00000000 00:00 0 
7fb1def01000-7fb1e0000000 rw-p 00000000 00:00 0 
7fb1e0000000-7fb1e0021000 rw-p 00000000 00:00 0 
7fb1e0021000-7fb1e4000000 ---p 00000000 00:00 0 
7fb1e4000000-7fb1e4021000 rw-p 00000000 00:00 0 
7fb1e4021000-7fb1e8000000 ---p 00000000 00:00 0 
7fb1e8000000-7fb1e8021000 rw-p 00000000 00:00 0 
7fb1e8021000-7fb1ec000000 ---p 00000000 00:00 0 
7fb1ec000000-7fb1ec093000 rw-p 00000000 00:00 0 
7fb1ec093000-7fb1f0000000 ---p 00000000 00:00 0 
7fb1f0000000-7fb1f004a000 rw-p 00000000 00:00 0 
7fb1f004a000-7fb1f4000000 ---p 00000000 00:00 0 
7fb1f4000000-7fb1f4021000 rw-p 00000000 00:00 0 
7fb1f4021000-7fb1f8000000 ---p 00000000 00:00 0 
7fb1f8000000-7fb1f8021000 rw-p 00000000 00:00 0 
7fb1f8021000-7fb1fc000000 ---p 00000000 00:00 0 
7fb1fc000000-7fb1fc091000 rw-p 00000000 00:00 0 
7fb1fc091000-7fb200000000 ---p 00000000 00:00 0 
7fb2000ca000-7fb2000cd000 ---p 00000000 00:00 0 
7fb2000cd000-7fb2001cb000 rw-p 00000000 00:00 0 
7fb2001cb000-7fb2001ce000 ---p 00000000 00:00 0 
7fb2001ce000-7fb2004cc000 rw-p 00000000 00:00 0 
7fb2004cc000-7fb2004cf000 ---p 00000000 00:00 0 
7fb2004cf000-7fb2005cd000 rw-p 00000000 00:00 0 
7fb2005cd000-7fb2005d0000 ---p 00000000 00:00 0 
7fb2005d0000-7fb2006ce000 rw-p 00000000 00:00 0 
7fb2006ce000-7fb2006d1000 ---p 00000000 00:00 0 
7fb2006d1000-7fb2007cf000 rw-p 00000000 00:00 0 
7fb2007cf000-7fb2007d2000 ---p 00000000 00:00 0 
7fb2007d2000-7fb2008d0000 rw-p 00000000 00:00 0 
7fb2008d0000-7fb2008d3000 ---p 00000000 00:00 0 
7fb2008d3000-7fb200bd1000 rw-p 00000000 00:00 0 
7fb200bd1000-7fb200bf9000 r-xp 00000000 08:01 2096285                    /usr/lib/jvm/java-8-openjdk-amd64/jre/lib/amd64/libsunec.so
7fb200bf9000-7fb200df8000 ---p 00028000 08:01 2096285                    /usr/lib/jvm/java-8-openjdk-amd64/jre/lib/amd64/libsunec.so
7fb200df8000-7fb200dfc000 r--p 00027000 08:01 2096285                    /usr/lib/jvm/java-8-openjdk-amd64/jre/lib/amd64/libsunec.so
7fb200dfc000-7fb200dfd000 rw-p 0002b000 08:01 2096285                    /usr/lib/jvm/java-8-openjdk-amd64/jre/lib/amd64/libsunec.so
7fb200dfd000-7fb200ffd000 rw-p 00000000 00:00 0 
7fb200ffd000-7fb204000000 rw-p 00000000 00:00 0 
7fb204000000-7fb204021000 rw-p 00000000 00:00 0 
7fb204021000-7fb208000000 ---p 00000000 00:00 0 
7fb208000000-7fb208021000 rw-p 00000000 00:00 0 
7fb208021000-7fb20c000000 ---p 00000000 00:00 0 
7fb20c000000-7fb20c04f000 rw-p 00000000 00:00 0 
7fb20c04f000-7fb210000000 ---p 00000000 00:00 0 
7fb210000000-7fb210021000 rw-p 00000000 00:00 0 
7fb210021000-7fb214000000 ---p 00000000 00:00 0 
7fb214000000-7fb215a2e000 rw-p 00000000 00:00 0 
7fb215a2e000-7fb218000000 ---p 00000000 00:00 0 
7fb218000000-7fb218378000 rw-p 00000000 00:00 0 
7fb218378000-7fb21c000000 ---p 00000000 00:00 0 
7fb21c000000-7fb21c021000 rw-p 00000000 00:00 0 
7fb21c021000-7fb220000000 ---p 00000000 00:00 0 
7fb220000000-7fb220021000 rw-p 00000000 00:00 0 
7fb220021000-7fb224000000 ---p 00000000 00:00 0 
7fb224000000-7fb22605e000 rw-p 00000000 00:00 0 
7fb22605e000-7fb228000000 ---p 00000000 00:00 0 
7fb228000000-7fb228e15000 rw-p 00000000 00:00 0 
7fb228e15000-7fb22c000000 ---p 00000000 00:00 0 
7fb22c000000-7fb22c021000 rw-p 00000000 00:00 0 
7fb22c021000-7fb230000000 ---p 00000000 00:00 0 
7fb230000000-7fb23169b000 rw-p 00000000 00:00 0 
7fb23169b000-7fb234000000 ---p 00000000 00:00 0 
7fb234000000-7fb234021000 rw-p 00000000 00:00 0 
7fb234021000-7fb238000000 ---p 00000000 00:00 0 
7fb238000000-7fb238021000 rw-p 00000000 00:00 0 
7fb238021000-7fb23c000000 ---p 00000000 00:00 0 
7fb23c000000-7fb23c021000 rw-p 00000000 00:00 0 
7fb23c021000-7fb240000000 ---p 00000000 00:00 0 
7fb240000000-7fb24016b000 rw-p 00000000 00:00 0 
7fb24016b000-7fb244000000 ---p 00000000 00:00 0 
7fb244000000-7fb244021000 rw-p 00000000 00:00 0 
7fb244021000-7fb248000000 ---p 00000000 00:00 0 
7fb2480ec000-7fb2480ef000 ---p 00000000 00:00 0 
7fb2480ef000-7fb2483ed000 rw-p 00000000 00:00 0 
7fb2483ed000-7fb2483f0000 ---p 00000000 00:00 0 
7fb2483f0000-7fb2484ee000 rw-p 00000000 00:00 0 
7fb2484ee000-7fb2484f1000 ---p 00000000 00:00 0 
7fb2484f1000-7fb2485ef000 rw-p 00000000 00:00 0 
7fb2485ef000-7fb2485f2000 ---p 00000000 00:00 0 
7fb2485f2000-7fb2486f0000 rw-p 00000000 00:00 0 
7fb2486f0000-7fb2486f3000 ---p 00000000 00:00 0 
7fb2486f3000-7fb2487f1000 rw-p 00000000 00:00 0 
7fb2487f1000-7fb2487f4000 ---p 00000000 00:00 0 
7fb2487f4000-7fb2488f2000 rw-p 00000000 00:00 0 
7fb2488f2000-7fb2488f5000 ---p 00000000 00:00 0 
7fb2488f5000-7fb2489f3000 rw-p 00000000 00:00 0 
7fb2489f3000-7fb2489f6000 ---p 00000000 00:00 0 
7fb2489f6000-7fb248af4000 rw-p 00000000 00:00 0 
7fb248af4000-7fb248af7000 ---p 00000000 00:00 0 
7fb248af7000-7fb248bf5000 rw-p 00000000 00:00 0 
7fb248bf5000-7fb248bf8000 ---p 00000000 00:00 0 
7fb248bf8000-7fb248ef6000 rw-p 00000000 00:00 0 
7fb248ef6000-7fb248ef9000 ---p 00000000 00:00 0 
7fb248ef9000-7fb2491f7000 rw-p 00000000 00:00 0 
7fb2491f7000-7fb2493f7000 rw-p 00000000 00:00 0 
7fb2493f7000-7fb2495f7000 rw-p 00000000 00:00 0 
7fb2495f7000-7fb2497f7000 rw-p 00000000 00:00 0 
7fb2497f7000-7fb24980a000 r--s 00346000 08:01 2099992                    /usr/lib/jvm/java-8-openjdk-amd64/jre/lib/resources.jar
7fb24980a000-7fb24980c000 r--s 00016000 08:01 2099822                    /usr/lib/jvm/java-8-openjdk-amd64/jre/lib/jce.jar
7fb24980c000-7fb249a0c000 rw-p 00000000 00:00 0 
7fb249a0c000-7fb249a0f000 ---p 00000000 00:00 0 
7fb249a0f000-7fb249d0d000 rw-p 00000000 00:00 0 
7fb249d0d000-7fb249f0d000 rw-p 00000000 00:00 0 
7fb249f0d000-7fb249f10000 ---p 00000000 00:00 0 
7fb249f10000-7fb24a20e000 rw-p 00000000 00:00 0 
7fb24a20e000-7fb24a40e000 rw-p 00000000 00:00 0 
7fb24a40e000-7fb24a60e000 rw-p 00000000 00:00 0 
7fb24a60e000-7fb24a80e000 rw-p 00000000 00:00 0 
7fb24a80e000-7fb24aa0e000 rw-p 00000000 00:00 0 
7fb24aa0e000-7fb24aa11000 ---p 00000000 00:00 0 
7fb24aa11000-7fb24ad05000 rw-p 00000000 00:00 0 
7fb24ad05000-7fb24ad0f000 ---p 00000000 00:00 0 
7fb24ad0f000-7fb24af0f000 rw-p 00000000 00:00 0 
7fb24af0f000-7fb24b10f000 rw-p 00000000 00:00 0 
7fb24b10f000-7fb24b30f000 rw-p 00000000 00:00 0 
7fb24b30f000-7fb24b318000 r-xp 00000000 08:01 2095788                    /usr/lib/jvm/java-8-openjdk-amd64/jre/lib/amd64/libmanagement.so
7fb24b318000-7fb24b517000 ---p 00009000 08:01 2095788                    /usr/lib/jvm/java-8-openjdk-amd64/jre/lib/amd64/libmanagement.so
7fb24b517000-7fb24b518000 r--p 00008000 08:01 2095788                    /usr/lib/jvm/java-8-openjdk-amd64/jre/lib/amd64/libmanagement.so
7fb24b518000-7fb24b519000 rw-p 00009000 08:01 2095788                    /usr/lib/jvm/java-8-openjdk-amd64/jre/lib/amd64/libmanagement.so
7fb24b519000-7fb24b719000 rw-p 00000000 00:00 0 
7fb24b719000-7fb24b71c000 ---p 00000000 00:00 0 
7fb24b71c000-7fb24ba1a000 rw-p 00000000 00:00 0 
7fb24ba1a000-7fb24ba1b000 r--s 0002a000 08:01 1447014                    /home/kafka/.m2/repository/org/webjars/sockjs-client/1.1.2/sockjs-client-1.1.2.jar
7fb24ba1b000-7fb24ba1e000 r--s 0000e000 08:01 1439582                    /home/kafka/.m2/repository/com/fasterxml/jackson/core/jackson-annotations/2.9.0/jackson-annotations-2.9.0.jar
7fb24ba1e000-7fb24ba30000 r--s 00137000 08:01 1439667                    /home/kafka/.m2/repository/com/fasterxml/jackson/core/jackson-databind/2.9.8/jackson-databind-2.9.8.jar
7fb24ba30000-7fb24ba37000 r--s 00056000 08:01 1443123                    /home/kafka/.m2/repository/org/apache/commons/commons-compress/1.9/commons-compress-1.9.jar
7fb24ba37000-7fb24ba38000 r--s 00006000 08:01 1573880                    /home/kafka/.m2/repository/org/webjars/webjars-locator-core/0.35/webjars-locator-core-0.35.jar
7fb24ba38000-7fb24ba3a000 r--s 00002000 08:01 1573879                    /home/kafka/.m2/repository/org/webjars/webjars-locator/0.36/webjars-locator-0.36.jar
7fb24ba3a000-7fb24ba3b000 r--s 00002000 08:01 1573872                    /home/kafka/.m2/repository/org/webjars/stomp-websocket/2.3.3-1/stomp-websocket-2.3.3-1.jar
7fb24ba3b000-7fb24ba3d000 r--s 0006b000 08:01 1573876                    /home/kafka/.m2/repository/org/webjars/popper.js/1.14.3/popper.js-1.14.3.jar
7fb24ba3d000-7fb24ba45000 r--s 0011e000 08:01 1573874                    /home/kafka/.m2/repository/org/webjars/bootstrap/4.3.1/bootstrap-4.3.1.jar
7fb24ba45000-7fb24ba47000 r--s 0004a000 08:01 1573868                    /home/kafka/.m2/repository/org/webjars/jquery/3.4.1/jquery-3.4.1.jar
7fb24ba47000-7fb24ba50000 r--s 0005d000 08:01 1573839                    /home/kafka/.m2/repository/org/springframework/spring-websocket/5.1.7.RELEASE/spring-websocket-5.1.7.RELEASE.jar
7fb24ba50000-7fb24ba5f000 r--s 000b5000 08:01 1573837                    /home/kafka/.m2/repository/org/springframework/spring-webmvc/5.1.7.RELEASE/spring-webmvc-5.1.7.RELEASE.jar
7fb24ba5f000-7fb24ba7b000 r--s 00137000 08:01 1573819                    /home/kafka/.m2/repository/org/springframework/spring-web/5.1.7.RELEASE/spring-web-5.1.7.RELEASE.jar
7fb24ba7b000-7fb24ba7d000 r--s 0000f000 08:01 1573834                    /home/kafka/.m2/repository/com/fasterxml/classmate/1.4.0/classmate-1.4.0.jar
7fb24ba7d000-7fb24ba7f000 r--s 0000f000 08:01 1573831                    /home/kafka/.m2/repository/org/jboss/logging/jboss-logging/3.3.2.Final/jboss-logging-3.3.2.Final.jar
7fb24ba7f000-7fb24ba84000 r--s 00012000 08:01 1573824                    /home/kafka/.m2/repository/javax/validation/validation-api/2.0.1.Final/validation-api-2.0.1.Final.jar
7fb24ba84000-7fb24baa1000 r--s 000fe000 08:01 1573812                    /home/kafka/.m2/repository/org/hibernate/validator/hibernate-validator/6.0.16.Final/hibernate-validator-6.0.16.Final.jar
7fb24baa1000-7fb24baa6000 r--s 0003c000 08:01 1573825                    /home/kafka/.m2/repository/org/apache/tomcat/embed/tomcat-embed-websocket/9.0.19/tomcat-embed-websocket-9.0.19.jar
7fb24baa6000-7fb24baab000 r--s 00039000 08:01 1573821                    /home/kafka/.m2/repository/org/apache/tomcat/embed/tomcat-embed-el/9.0.19/tomcat-embed-el-9.0.19.jar
7fb24baab000-7fb24bad6000 r--s 002fe000 08:01 1321026                    /home/kafka/.m2/repository/org/apache/tomcat/embed/tomcat-embed-core/9.0.19/tomcat-embed-core-9.0.19.jar
7fb24bad6000-7fb24bad7000 r--s 00000000 08:01 1573822                    /home/kafka/.m2/repository/org/springframework/boot/spring-boot-starter-tomcat/2.1.5.RELEASE/spring-boot-starter-tomcat-2.1.5.RELEASE.jar
7fb24bad7000-7fb24bad9000 r--s 00001000 08:01 1573820                    /home/kafka/.m2/repository/com/fasterxml/jackson/module/jackson-module-parameter-names/2.9.8/jackson-module-parameter-names-2.9.8.jar
7fb24bad9000-7fb24badc000 r--s 00016000 08:01 1573818                    /home/kafka/.m2/repository/com/fasterxml/jackson/datatype/jackson-datatype-jsr310/2.9.8/jackson-datatype-jsr310-2.9.8.jar
7fb24badc000-7fb24bade000 r--s 00007000 08:01 1573814                    /home/kafka/.m2/repository/com/fasterxml/jackson/datatype/jackson-datatype-jdk8/2.9.8/jackson-datatype-jdk8-2.9.8.jar
7fb24bade000-7fb24badf000 r--s 00000000 08:01 1573811                    /home/kafka/.m2/repository/org/springframework/boot/spring-boot-starter-json/2.1.5.RELEASE/spring-boot-starter-json-2.1.5.RELEASE.jar
7fb24badf000-7fb24bae0000 r--s 00000000 08:01 1573815                    /home/kafka/.m2/repository/org/springframework/boot/spring-boot-starter-web/2.1.5.RELEASE/spring-boot-starter-web-2.1.5.RELEASE.jar
7fb24bae0000-7fb24bae1000 r--s 00000000 08:01 1447009                    /home/kafka/.m2/repository/org/springframework/boot/spring-boot-starter-websocket/2.0.4.RELEASE/spring-boot-starter-websocket-2.0.4.RELEASE.jar
7fb24bae1000-7fb24baeb000 r--s 0006a000 08:01 1574643                    /home/kafka/.m2/repository/io/netty/netty-transport/4.1.36.Final/netty-transport-4.1.36.Final.jar
7fb24baeb000-7fb24baed000 r--s 00007000 08:01 1574642                    /home/kafka/.m2/repository/io/netty/netty-resolver/4.1.36.Final/netty-resolver-4.1.36.Final.jar
7fb24baed000-7fb24baf5000 r--s 00062000 08:01 1574640                    /home/kafka/.m2/repository/io/netty/netty-handler/4.1.36.Final/netty-handler-4.1.36.Final.jar
7fb24baf5000-7fb24bb02000 r--s 00086000 08:01 1574637                    /home/kafka/.m2/repository/io/netty/netty-common/4.1.36.Final/netty-common-4.1.36.Final.jar
7fb24bb02000-7fb24bb0d000 r--s 00082000 08:01 1574636                    /home/kafka/.m2/repository/io/netty/netty-codec-http/4.1.36.Final/netty-codec-http-4.1.36.Final.jar
7fb24bb0d000-7fb24bb13000 r--s 00048000 08:01 1574635                    /home/kafka/.m2/repository/io/netty/netty-codec/4.1.36.Final/netty-codec-4.1.36.Final.jar
7fb24bb13000-7fb24bb17000 r--s 00041000 08:01 1574631                    /home/kafka/.m2/repository/io/netty/netty-buffer/4.1.36.Final/netty-buffer-4.1.36.Final.jar
7fb24bb17000-7fb24bb19000 r--s 00013000 08:01 1574545                    /home/kafka/.m2/repository/org/elasticsearch/plugin/transport-netty4-client/6.4.3/transport-netty4-client-6.4.3.jar
7fb24bb19000-7fb24bb1d000 r--s 0004c000 08:01 1439584                    /home/kafka/.m2/repository/com/fasterxml/jackson/core/jackson-core/2.9.8/jackson-core-2.9.8.jar
7fb24bb1d000-7fb24bb1f000 r--s 00011000 08:01 1574629                    /home/kafka/.m2/repository/org/elasticsearch/plugin/rank-eval-client/6.4.3/rank-eval-client-6.4.3.jar
7fb24bb1f000-7fb24bb21000 r--s 00011000 08:01 1574626                    /home/kafka/.m2/repository/org/elasticsearch/plugin/parent-join-client/6.4.3/parent-join-client-6.4.3.jar
7fb24bb21000-7fb24bb22000 r--s 00011000 08:01 1574617                    /home/kafka/.m2/repository/org/elasticsearch/plugin/percolator-client/6.4.3/percolator-client-6.4.3.jar
7fb24bb22000-7fb24bb25000 r--s 00016000 08:01 1574566                    /home/kafka/.m2/repository/com/github/spullara/mustache/java/compiler/0.9.3/compiler-0.9.3.jar
7fb24bb25000-7fb24bb27000 r--s 0000e000 08:01 1574621                    /home/kafka/.m2/repository/org/elasticsearch/plugin/lang-mustache-client/6.4.3/lang-mustache-client-6.4.3.jar
7fb24bb27000-7fb24bb2f000 r--s 00052000 08:01 1574619                    /home/kafka/.m2/repository/org/apache/httpcomponents/httpcore-nio/4.4.11/httpcore-nio-4.4.11.jar
7fb24bb2f000-7fb24bb32000 r--s 00029000 08:01 1574618                    /home/kafka/.m2/repository/org/apache/httpcomponents/httpasyncclient/4.1.4/httpasyncclient-4.1.4.jar
7fb24bb32000-7fb24bb39000 r--s 00049000 08:01 1574615                    /home/kafka/.m2/repository/org/apache/httpcomponents/httpcore/4.4.11/httpcore-4.4.11.jar
7fb24bb39000-7fb24bb46000 r--s 000b0000 08:01 1574557                    /home/kafka/.m2/repository/org/apache/httpcomponents/httpclient/4.5.8/httpclient-4.5.8.jar
7fb24bb46000-7fb24bb48000 r--s 0000c000 08:01 1574613                    /home/kafka/.m2/repository/org/elasticsearch/client/elasticsearch-rest-client/6.4.3/elasticsearch-rest-client-6.4.3.jar
7fb24bb48000-7fb24bb4a000 r--s 00019000 08:01 1574609                    /home/kafka/.m2/repository/org/elasticsearch/plugin/reindex-client/6.4.3/reindex-client-6.4.3.jar
7fb24bb4a000-7fb24bb4e000 r--s 000d5000 08:01 1574598                    /home/kafka/.m2/repository/org/elasticsearch/jna/4.5.1/jna-4.5.1.jar
7fb24bb4e000-7fb24bb50000 r--s 0001a000 08:01 1574558                    /home/kafka/.m2/repository/org/hdrhistogram/HdrHistogram/2.1.9/HdrHistogram-2.1.9.jar
7fb24bb50000-7fb24bb52000 r--s 0000b000 08:01 1574603                    /home/kafka/.m2/repository/com/tdunning/t-digest/3.2/t-digest-3.2.jar
7fb24bb52000-7fb24bb69000 r--s 00100000 08:01 1574600                    /home/kafka/.m2/repository/com/carrotsearch/hppc/0.7.1/hppc-0.7.1.jar
7fb24bb69000-7fb24bb6a000 r--s 00003000 08:01 1574595                    /home/kafka/.m2/repository/org/elasticsearch/elasticsearch-cli/6.4.3/elasticsearch-cli-6.4.3.jar
7fb24bb6a000-7fb24bb6f000 r--s 00038000 08:01 1574591                    /home/kafka/.m2/repository/org/apache/lucene/lucene-suggest/7.4.0/lucene-suggest-7.4.0.jar
7fb24bb6f000-7fb24bb74000 r--s 00045000 08:01 1574590                    /home/kafka/.m2/repository/org/apache/lucene/lucene-spatial3d/7.4.0/lucene-spatial3d-7.4.0.jar
7fb24bb74000-7fb24bb79000 r--s 00035000 08:01 1574588                    /home/kafka/.m2/repository/org/apache/lucene/lucene-spatial-extras/7.4.0/lucene-spatial-extras-7.4.0.jar
7fb24bb79000-7fb24bb7a000 r--s 00003000 08:01 1574585                    /home/kafka/.m2/repository/org/apache/lucene/lucene-spatial/7.4.0/lucene-spatial-7.4.0.jar
7fb24bb7a000-7fb24bb7f000 r--s 00036000 08:01 1574583                    /home/kafka/.m2/repository/org/apache/lucene/lucene-sandbox/7.4.0/lucene-sandbox-7.4.0.jar
7fb24bb7f000-7fb24bb89000 r--s 00054000 08:01 1574581                    /home/kafka/.m2/repository/org/apache/lucene/lucene-queryparser/7.4.0/lucene-queryparser-7.4.0.jar
7fb24bb89000-7fb24bb90000 r--s 0003a000 08:01 1574579                    /home/kafka/.m2/repository/org/apache/lucene/lucene-queries/7.4.0/lucene-queries-7.4.0.jar
7fb24bb90000-7fb24bb93000 r--s 00014000 08:01 1574577                    /home/kafka/.m2/repository/org/apache/lucene/lucene-misc/7.4.0/lucene-misc-7.4.0.jar
7fb24bb93000-7fb24bb95000 r--s 0000a000 08:01 1574576                    /home/kafka/.m2/repository/org/apache/lucene/lucene-memory/7.4.0/lucene-memory-7.4.0.jar
7fb24bb95000-7fb24bb99000 r--s 00020000 08:01 1574573                    /home/kafka/.m2/repository/org/apache/lucene/lucene-join/7.4.0/lucene-join-7.4.0.jar
7fb24bb99000-7fb24bb9d000 r--s 0002c000 08:01 1574571                    /home/kafka/.m2/repository/org/apache/lucene/lucene-highlighter/7.4.0/lucene-highlighter-7.4.0.jar
7fb24bb9d000-7fb24bba0000 r--s 00013000 08:01 1574569                    /home/kafka/.m2/repository/org/apache/lucene/lucene-grouping/7.4.0/lucene-grouping-7.4.0.jar
7fb24bba0000-7fb24bba3000 r--s 00016000 08:01 1574567                    /home/kafka/.m2/repository/org/apache/lucene/lucene-backward-codecs/7.4.0/lucene-backward-codecs-7.4.0.jar
7fb24bba3000-7fb24bbb5000 r--s 00182000 08:01 1574565                    /home/kafka/.m2/repository/org/apache/lucene/lucene-analyzers-common/7.4.0/lucene-analyzers-common-7.4.0.jar
7fb24bbb5000-7fb24bbe5000 r--s 0029b000 08:01 1574563                    /home/kafka/.m2/repository/org/apache/lucene/lucene-core/7.4.0/lucene-core-7.4.0.jar
7fb24bbe5000-7fb24bbe7000 r--s 0000b000 08:01 1574561                    /home/kafka/.m2/repository/com/fasterxml/jackson/dataformat/jackson-dataformat-cbor/2.9.8/jackson-dataformat-cbor-2.9.8.jar
7fb24bbe7000-7fb24bbe9000 r--s 00009000 08:01 1574560                    /home/kafka/.m2/repository/com/fasterxml/jackson/dataformat/jackson-dataformat-yaml/2.9.8/jackson-dataformat-yaml-2.9.8.jar
7fb24bbe9000-7fb24bbeb000 r--s 00013000 08:01 1574551                    /home/kafka/.m2/repository/com/fasterxml/jackson/dataformat/jackson-dataformat-smile/2.9.8/jackson-dataformat-smile-2.9.8.jar
7fb24bbeb000-7fb24bbee000 r--s 00019000 08:01 1574555                    /home/kafka/.m2/repository/org/elasticsearch/elasticsearch-x-content/6.4.3/elasticsearch-x-content-6.4.3.jar
7fb24bbee000-7fb24bbef000 r--s 00002000 08:01 1574553                    /home/kafka/.m2/repository/org/elasticsearch/elasticsearch-secure-sm/6.4.3/elasticsearch-secure-sm-6.4.3.jar
7fb24bbef000-7fb24bbf1000 r--s 00007000 08:01 1574599                    /home/kafka/.m2/repository/org/elasticsearch/elasticsearch-core/6.4.3/elasticsearch-core-6.4.3.jar
7fb24bbf1000-7fb24bc91000 r--s 00917000 08:01 1574549                    /home/kafka/.m2/repository/org/elasticsearch/elasticsearch/6.4.3/elasticsearch-6.4.3.jar
7fb24bc91000-7fb24bc92000 r--s 00001000 08:01 1574547                    /home/kafka/.m2/repository/org/elasticsearch/client/transport/6.4.3/transport-6.4.3.jar
7fb24bc92000-7fb24bca3000 r--s 0008c000 08:01 1574602                    /home/kafka/.m2/repository/joda-time/joda-time/2.10.2/joda-time-2.10.2.jar
7fb24bca3000-7fb24bcbb000 r--s 00107000 08:01 1574543                    /home/kafka/.m2/repository/org/springframework/data/spring-data-commons/2.1.8.RELEASE/spring-data-commons-2.1.8.RELEASE.jar
7fb24bcbb000-7fb24bcc1000 r--s 00033000 08:01 1574541                    /home/kafka/.m2/repository/org/springframework/data/spring-data-elasticsearch/3.1.8.RELEASE/spring-data-elasticsearch-3.1.8.RELEASE.jar
7fb24bcc1000-7fb24bcc4000 r--s 00011000 08:01 1439669                    /home/kafka/.m2/repository/net/sf/jopt-simple/jopt-simple/5.0.4/jopt-simple-5.0.4.jar
7fb24bcc4000-7fb24bcc9000 r--s 0001b000 08:01 1439648                    /home/kafka/.m2/repository/org/springframework/retry/spring-retry/1.2.4.RELEASE/spring-retry-1.2.4.RELEASE.jar
7fb24bcc9000-7fb24bcd1000 r--s 00037000 08:01 1439542                    /home/kafka/.m2/repository/org/springframework/spring-tx/5.1.7.RELEASE/spring-tx-5.1.7.RELEASE.jar
7fb24bcd1000-7fb24bcd9000 r--s 00056000 08:01 1439599                    /home/kafka/.m2/repository/org/springframework/spring-messaging/5.1.7.RELEASE/spring-messaging-5.1.7.RELEASE.jar
7fb24bcd9000-7fb24bce5000 r--s 00099000 08:01 1439602                    /home/kafka/.m2/repository/org/springframework/spring-beans/5.1.7.RELEASE/spring-beans-5.1.7.RELEASE.jar
7fb24bce5000-7fb24bcff000 r--s 000f4000 08:01 1439643                    /home/kafka/.m2/repository/org/springframework/spring-context/5.1.7.RELEASE/spring-context-5.1.7.RELEASE.jar
7fb24bcff000-7fb24bd02000 ---p 00000000 00:00 0 
7fb24bd02000-7fb24c000000 rw-p 00000000 00:00 0 
7fb24c000000-7fb24c021000 rw-p 00000000 00:00 0 
7fb24c021000-7fb250000000 ---p 00000000 00:00 0 
7fb250000000-7fb250001000 r--s 00000000 08:01 1574539                    /home/kafka/.m2/repository/org/springframework/boot/spring-boot-starter-data-elasticsearch/2.1.5.RELEASE/spring-boot-starter-data-elasticsearch-2.1.5.RELEASE.jar
7fb250001000-7fb250006000 r--s 00040000 08:01 1439547                    /home/kafka/.m2/repository/org/springframework/spring-expression/5.1.7.RELEASE/spring-expression-5.1.7.RELEASE.jar
7fb250006000-7fb250010000 r--s 00051000 08:01 1439592                    /home/kafka/.m2/repository/org/springframework/spring-aop/5.1.7.RELEASE/spring-aop-5.1.7.RELEASE.jar
7fb250010000-7fb250017000 r--s 0004c000 08:01 1439589                    /home/kafka/.m2/repository/org/springframework/kafka/spring-kafka/2.2.6.RELEASE/spring-kafka-2.2.6.RELEASE.jar
7fb250017000-7fb25001b000 r--s 00bc4000 08:01 1439587                    /home/kafka/.m2/repository/org/rocksdb/rocksdbjni/5.7.3/rocksdbjni-5.7.3.jar
7fb25001b000-7fb25001d000 r--s 00009000 08:01 1320419                    /home/kafka/.m2/repository/org/slf4j/slf4j-api/1.7.26/slf4j-api-1.7.26.jar
7fb25001d000-7fb250021000 r--s 0001c000 08:01 1439564                    /home/kafka/.m2/repository/javax/ws/rs/javax.ws.rs-api/2.1/javax.ws.rs-api-2.1.jar
7fb250021000-7fb250024000 r--s 00015000 08:01 1439578                    /home/kafka/.m2/repository/org/apache/kafka/connect-api/2.0.1/connect-api-2.0.1.jar
7fb250024000-7fb250025000 r--s 0000a000 08:01 1439576                    /home/kafka/.m2/repository/org/apache/kafka/connect-json/2.0.1/connect-json-2.0.1.jar
7fb250025000-7fb250027000 r--s 001eb000 08:01 1439639                    /home/kafka/.m2/repository/org/xerial/snappy/snappy-java/1.1.7.1/snappy-java-1.1.7.1.jar
7fb250027000-7fb25002a000 r--s 00058000 08:01 1439604                    /home/kafka/.m2/repository/org/lz4/lz4-java/1.4.1/lz4-java-1.4.1.jar
7fb25002a000-7fb25004c000 r--s 001ae000 08:01 1439666                    /home/kafka/.m2/repository/org/apache/kafka/kafka-clients/2.0.1/kafka-clients-2.0.1.jar
7fb25004c000-7fb25005e000 r--s 000b8000 08:01 1439569                    /home/kafka/.m2/repository/org/apache/kafka/kafka-streams/2.0.1/kafka-streams-2.0.1.jar
7fb25005e000-7fb250065000 r--s 00043000 08:01 1439566                    /home/kafka/.m2/repository/org/yaml/snakeyaml/1.23/snakeyaml-1.23.jar
7fb250065000-7fb250067000 r--s 00005000 08:01 1439556                    /home/kafka/.m2/repository/javax/annotation/javax.annotation-api/1.3.2/javax.annotation-api-1.3.2.jar
7fb250067000-7fb250069000 r--s 00000000 08:01 1320657                    /home/kafka/.m2/repository/org/slf4j/jul-to-slf4j/1.7.26/jul-to-slf4j-1.7.26.jar
7fb250069000-7fb25006f000 r--s 0003c000 08:01 1439560                    /home/kafka/.m2/repository/org/apache/logging/log4j/log4j-api/2.11.2/log4j-api-2.11.2.jar
7fb25006f000-7fb250071000 r--s 00003000 08:01 1439557                    /home/kafka/.m2/repository/org/apache/logging/log4j/log4j-to-slf4j/2.11.2/log4j-to-slf4j-2.11.2.jar
7fb250071000-7fb25007c000 r--s 00069000 08:01 1439555                    /home/kafka/.m2/repository/ch/qos/logback/logback-core/1.2.3/logback-core-1.2.3.jar
7fb25007c000-7fb250082000 r--s 00041000 08:01 1439553                    /home/kafka/.m2/repository/ch/qos/logback/logback-classic/1.2.3/logback-classic-1.2.3.jar
7fb250082000-7fb250083000 r--s 00000000 08:01 1439550                    /home/kafka/.m2/repository/org/springframework/boot/spring-boot-starter-logging/2.1.5.RELEASE/spring-boot-starter-logging-2.1.5.RELEASE.jar
7fb250083000-7fb2500a7000 r--s 00111000 08:01 1439617                    /home/kafka/.m2/repository/org/springframework/boot/spring-boot-autoconfigure/2.1.5.RELEASE/spring-boot-autoconfigure-2.1.5.RELEASE.jar
7fb2500a7000-7fb2500bc000 r--s 000d4000 08:01 1439541                    /home/kafka/.m2/repository/org/springframework/boot/spring-boot/2.1.5.RELEASE/spring-boot-2.1.5.RELEASE.jar
7fb2500bc000-7fb2500bd000 r--s 00000000 08:01 1439581                    /home/kafka/.m2/repository/org/springframework/boot/spring-boot-starter/2.1.5.RELEASE/spring-boot-starter-2.1.5.RELEASE.jar
7fb2500bd000-7fb2500e9000 r--s 00208000 08:01 1440366                    /home/kafka/.m2/repository/com/google/guava/guava/19.0/guava-19.0.jar
7fb2500e9000-7fb2500ea000 r--s 00013000 08:01 1440365                    /home/kafka/.m2/repository/org/ow2/asm/asm-util/7.0-beta/asm-util-7.0-beta.jar
7fb2500ea000-7fb2500ed000 r--s 0002b000 08:01 1440363                    /home/kafka/.m2/repository/org/vafer/jdependency/2.1.1/jdependency-2.1.1.jar
7fb2500ed000-7fb2500ef000 r--s 00007000 08:01 1440361                    /home/kafka/.m2/repository/org/apache/maven/shared/maven-dependency-tree/3.0.1/maven-dependency-tree-3.0.1.jar
7fb2500ef000-7fb2500f5000 r--s 00045000 08:01 1440358                    /home/kafka/.m2/repository/org/jdom/jdom2/2.0.6/jdom2-2.0.6.jar
7fb2500f5000-7fb2500f7000 r--s 00007000 08:01 1440357                    /home/kafka/.m2/repository/org/ow2/asm/asm-analysis/7.0/asm-analysis-7.0.jar
7fb2500f7000-7fb2500f9000 r--s 0000b000 08:01 1440356                    /home/kafka/.m2/repository/org/ow2/asm/asm-tree/7.0/asm-tree-7.0.jar
7fb2500f9000-7fb2500fb000 r--s 00012000 08:01 1440352                    /home/kafka/.m2/repository/org/ow2/asm/asm-commons/7.0/asm-commons-7.0.jar
7fb2500fb000-7fb2500fd000 r--s 0001a000 08:01 1440283                    /home/kafka/.m2/repository/org/ow2/asm/asm/7.0/asm-7.0.jar
7fb2500fd000-7fb250104000 r--s 0004b000 08:01 1320696                    /home/kafka/.m2/repository/commons-codec/commons-codec/1.11/commons-codec-1.11.jar
7fb250104000-7fb250109000 r--s 0001b000 08:01 1440350                    /home/kafka/.m2/repository/org/apache/maven/shared/maven-artifact-transfer/0.10.0/maven-artifact-transfer-0.10.0.jar
7fb250109000-7fb25010b000 r--s 0001a000 08:01 1440346                    /home/kafka/.m2/repository/org/apache/maven/plugins/maven-shade-plugin/3.2.1/maven-shade-plugin-3.2.1.jar
7fb25010b000-7fb25010f000 r--s 00017000 08:01 1440340                    /home/kafka/.m2/repository/org/tukaani/xz/1.8/xz-1.8.jar
7fb25010f000-7fb250111000 r--s 0000d000 08:01 1440339                    /home/kafka/.m2/repository/org/iq80/snappy/snappy/0.4/snappy-0.4.jar
7fb250111000-7fb250115000 r--s 0000f000 08:01 1440338                    /home/kafka/.m2/repository/org/codehaus/plexus/plexus-io/3.0.1/plexus-io-3.0.1.jar
7fb250115000-7fb25011a000 r--s 0002a000 08:01 1440337                    /home/kafka/.m2/repository/org/codehaus/plexus/plexus-archiver/3.6.0/plexus-archiver-3.6.0.jar
7fb25011a000-7fb25011d000 r--s 0000d000 08:01 1440336                    /home/kafka/.m2/repository/org/apache/maven/shared/maven-common-artifact-filters/3.0.1/maven-common-artifact-filters-3.0.1.jar
7fb25011d000-7fb25011f000 r--s 00000000 08:01 1440325                    /home/kafka/.m2/repository/org/codehaus/plexus/plexus-component-annotations/1.6/plexus-component-annotations-1.6.jar
7fb25011f000-7fb250121000 r--s 00000000 08:01 1440321                    /home/kafka/.m2/repository/aopalliance/aopalliance/1.0/aopalliance-1.0.jar
7fb250121000-7fb25012a000 r--s 0005f000 08:01 1440317                    /home/kafka/.m2/repository/com/google/inject/guice/4.0/guice-4.0-no_aop.jar
7fb25012a000-7fb250132000 r--s 00055000 08:01 1440315                    /home/kafka/.m2/repository/org/eclipse/sisu/org.eclipse.sisu.inject/0.3.2/org.eclipse.sisu.inject-0.3.2.jar
7fb250132000-7fb250135000 r--s 00008000 08:01 1440310                    /home/kafka/.m2/repository/javax/enterprise/cdi-api/1.0/cdi-api-1.0.jar
7fb250135000-7fb250139000 r--s 00020000 08:01 1320694                    /home/kafka/.m2/repository/org/eclipse/aether/aether-util/1.0.2.v20150114/aether-util-1.0.2.v20150114.jar
7fb250139000-7fb25013a000 r--s 00003000 08:01 1440294                    /home/kafka/.m2/repository/org/apache/maven/maven-builder-support/3.3.9/maven-builder-support-3.3.9.jar
7fb25013a000-7fb250142000 r--s 00073000 08:01 1440288                    /home/kafka/.m2/repository/org/apache/commons/commons-lang3/3.8.1/commons-lang3-3.8.1.jar
7fb250142000-7fb250145000 r--s 00010000 08:01 1320690                    /home/kafka/.m2/repository/org/codehaus/plexus/plexus-interpolation/1.22/plexus-interpolation-1.22.jar
7fb250145000-7fb250149000 r--s 00025000 08:01 1440284                    /home/kafka/.m2/repository/org/apache/maven/shared/maven-shared-utils/3.2.0/maven-shared-utils-3.2.0.jar
7fb250149000-7fb25014a000 r--s 00005000 08:01 1440282                    /home/kafka/.m2/repository/org/apache/maven/maven-archiver/3.2.0/maven-archiver-3.2.0.jar
7fb25014a000-7fb250155000 r--s 00086000 08:01 1320688                    /home/kafka/.m2/repository/org/apache/commons/commons-compress/1.18/commons-compress-1.18.jar
7fb250155000-7fb250156000 r--s 00005000 08:01 1439565                    /home/kafka/.m2/repository/org/springframework/spring-jcl/5.1.7.RELEASE/spring-jcl-5.1.7.RELEASE.jar
7fb250156000-7fb25016f000 r--s 00123000 08:01 1439634                    /home/kafka/.m2/repository/org/springframework/spring-core/5.1.7.RELEASE/spring-core-5.1.7.RELEASE.jar
7fb25016f000-7fb250172000 r--s 00022000 08:01 1440280                    /home/kafka/.m2/repository/org/springframework/boot/spring-boot-loader-tools/2.1.5.RELEASE/spring-boot-loader-tools-2.1.5.RELEASE.jar
7fb250172000-7fb250174000 r--s 0000f000 08:01 1439850                    /home/kafka/.m2/repository/org/springframework/boot/spring-boot-maven-plugin/2.1.5.RELEASE/spring-boot-maven-plugin-2.1.5.RELEASE.jar
7fb250174000-7fb250176000 r--s 00004000 08:01 1440589                    /home/kafka/.m2/repository/org/codehaus/plexus/plexus-compiler-javac/2.8.4/plexus-compiler-javac-2.8.4.jar
7fb250176000-7fb250178000 r--s 00000000 08:01 1440583                    /home/kafka/.m2/repository/org/codehaus/plexus/plexus-compiler-manager/2.8.4/plexus-compiler-manager-2.8.4.jar
7fb250178000-7fb25017a000 r--s 00005000 08:01 1440581                    /home/kafka/.m2/repository/org/codehaus/plexus/plexus-compiler-api/2.8.4/plexus-compiler-api-2.8.4.jar
7fb25017a000-7fb250181000 r--s 00047000 08:01 1440579                    /home/kafka/.m2/repository/com/thoughtworks/qdox/qdox/2.0-M9/qdox-2.0-M9.jar
7fb250181000-7fb250183000 r--s 0001a000 08:01 1440585                    /home/kafka/.m2/repository/org/ow2/asm/asm/6.2/asm-6.2.jar
7fb250183000-7fb250185000 r--s 00008000 08:01 1440577                    /home/kafka/.m2/repository/org/codehaus/plexus/plexus-java/0.9.10/plexus-java-0.9.10.jar
7fb250185000-7fb250187000 r--s 00002000 08:01 1319271                    /home/kafka/.m2/repository/org/apache/maven/shared/maven-shared-incremental/1.1/maven-shared-incremental-1.1.jar
7fb250187000-7fb25018a000 r--s 00026000 08:01 1440384                    /home/kafka/.m2/repository/org/apache/maven/shared/maven-shared-utils/3.2.1/maven-shared-utils-3.2.1.jar
7fb25018a000-7fb25018c000 r--s 0000d000 08:01 1320216                    /home/kafka/.m2/repository/org/codehaus/plexus/plexus-interpolation/1.14/plexus-interpolation-1.14.jar
7fb25018c000-7fb250190000 r--s 00033000 08:01 1320698                    /home/kafka/.m2/repository/org/codehaus/plexus/plexus-utils/2.0.4/plexus-utils-2.0.4.jar
7fb250190000-7fb250192000 r--s 0000e000 08:01 1320705                    /home/kafka/.m2/repository/org/apache/maven/plugins/maven-compiler-plugin/3.8.1/maven-compiler-plugin-3.8.1.jar
7fb250192000-7fb250392000 rw-p 00000000 00:00 0 
7fb250392000-7fb250395000 r--s 00011000 08:01 1440434                    /home/kafka/.m2/repository/org/codehaus/plexus/plexus-interpolation/1.24/plexus-interpolation-1.24.jar
7fb250395000-7fb250399000 r--s 0002f000 08:01 1440286                    /home/kafka/.m2/repository/commons-io/commons-io/2.5/commons-io-2.5.jar
7fb250399000-7fb25039b000 r--s 00001000 08:01 1440345                    /home/kafka/.m2/repository/org/sonatype/plexus/plexus-build-api/0.0.7/plexus-build-api-0.0.7.jar
7fb25039b000-7fb25039d000 r--s 00006000 08:01 1319269                    /home/kafka/.m2/repository/com/google/code/findbugs/jsr305/2.0.1/jsr305-2.0.1.jar
7fb25039d000-7fb2503a0000 r--s 00023000 08:01 1440432                    /home/kafka/.m2/repository/org/apache/maven/shared/maven-shared-utils/3.0.0/maven-shared-utils-3.0.0.jar
7fb2503a0000-7fb2503a2000 r--s 0000b000 08:01 1440430                    /home/kafka/.m2/repository/org/apache/maven/shared/maven-filtering/3.1.1/maven-filtering-3.1.1.jar
7fb2503a2000-7fb2503a6000 r--s 0003c000 08:01 1440344                    /home/kafka/.m2/repository/org/codehaus/plexus/plexus-utils/3.1.0/plexus-utils-3.1.0.jar
7fb2503a6000-7fb2503a8000 r--s 00002000 08:01 1320223                    /home/kafka/.m2/repository/org/sonatype/plexus/plexus-cipher/1.4/plexus-cipher-1.4.jar
7fb2503a8000-7fb2503a9000 r--s 00006000 08:01 1320222                    /home/kafka/.m2/repository/org/sonatype/plexus/plexus-sec-dispatcher/1.3/plexus-sec-dispatcher-1.3.jar
7fb2503a9000-7fb2503ab000 r--s 00000000 08:01 1440382                    /home/kafka/.m2/repository/org/codehaus/plexus/plexus-component-annotations/1.7.1/plexus-component-annotations-1.7.1.jar
7fb2503ab000-7fb2503af000 r--s 00017000 08:01 1320191                    /home/kafka/.m2/repository/org/sonatype/aether/aether-util/1.7/aether-util-1.7.jar
7fb2503af000-7fb2503ba000 r--s 00069000 08:01 1320215                    /home/kafka/.m2/repository/org/sonatype/sisu/sisu-guice/2.1.7/sisu-guice-2.1.7-noaop.jar
7fb2503ba000-7fb2503bf000 r--s 00021000 08:01 1320214                    /home/kafka/.m2/repository/org/sonatype/sisu/sisu-inject-bean/1.4.2/sisu-inject-bean-1.4.2.jar
7fb2503bf000-7fb2503c0000 r--s 00007000 08:01 1440390                    /home/kafka/.m2/repository/org/apache/maven/plugins/maven-resources-plugin/3.1.0/maven-resources-plugin-3.1.0.jar
7fb2503c0000-7fb2505c0000 rw-p 00000000 00:00 0 
7fb2505c0000-7fb2505d1000 r-xp 00000000 08:01 2096189                    /usr/lib/jvm/java-8-openjdk-amd64/jre/lib/amd64/libnio.so
7fb2505d1000-7fb2507d0000 ---p 00011000 08:01 2096189                    /usr/lib/jvm/java-8-openjdk-amd64/jre/lib/amd64/libnio.so
7fb2507d0000-7fb2507d1000 r--p 00010000 08:01 2096189                    /usr/lib/jvm/java-8-openjdk-amd64/jre/lib/amd64/libnio.so
7fb2507d1000-7fb2507d2000 rw-p 00011000 08:01 2096189                    /usr/lib/jvm/java-8-openjdk-amd64/jre/lib/amd64/libnio.so
7fb2507d2000-7fb2507e8000 r-xp 00000000 08:01 2096156                    /usr/lib/jvm/java-8-openjdk-amd64/jre/lib/amd64/libnet.so
7fb2507e8000-7fb2509e7000 ---p 00016000 08:01 2096156                    /usr/lib/jvm/java-8-openjdk-amd64/jre/lib/amd64/libnet.so
7fb2509e7000-7fb2509e8000 r--p 00015000 08:01 2096156                    /usr/lib/jvm/java-8-openjdk-amd64/jre/lib/amd64/libnet.so
7fb2509e8000-7fb2509e9000 rw-p 00016000 08:01 2096156                    /usr/lib/jvm/java-8-openjdk-amd64/jre/lib/amd64/libnet.so
7fb2509e9000-7fb2509ed000 r--s 000a1000 08:01 2099824                    /usr/lib/jvm/java-8-openjdk-amd64/jre/lib/jsse.jar
7fb2509ed000-7fb250bed000 rw-p 00000000 00:00 0 
7fb250bed000-7fb250ded000 rw-p 00000000 00:00 0 
7fb250ded000-7fb250fed000 rw-p 00000000 00:00 0 
7fb250fed000-7fb250fee000 r--s 00002000 08:01 2506164                    /usr/share/java/geronimo-annotation-1.3-spec.jar
7fb250fee000-7fb250ff0000 r--s 00006000 08:01 2506366                    /usr/share/java/maven-resolver-spi.jar
7fb250ff0000-7fb250ff4000 r--s 0003b000 08:01 2506349                    /usr/share/java/plexus-utils2.jar
7fb250ff4000-7fb250ff5000 r--s 00004000 08:01 2506480                    /usr/share/java/maven3-slf4j-provider.jar
7fb250ff5000-7fb250ff6000 r--s 00000000 08:01 2503816                    /usr/share/java/atinject-jsr330-api-1.0.jar
7fb250ff6000-7fb250ff8000 r--s 00005000 08:01 2506370                    /usr/share/java/maven-resolver-transport-wagon.jar
7fb250ff8000-7fb250ffb000 r--s 00015000 08:01 2506472                    /usr/share/java/maven3-embedder.jar
7fb250ffb000-7fb250ffe000 r--s 00007000 08:01 2506478                    /usr/share/java/maven3-settings-builder.jar
7fb250ffe000-7fb251000000 r--s 00000000 08:01 2506407                    /usr/share/java/plexus-component-annotations.jar
7fb251000000-7fb25100e000 r--s 0009a000 08:01 2506254                    /usr/share/java/guice.jar
7fb25100e000-7fb251010000 r--s 00009000 08:01 2506432                    /usr/share/java/slf4j-api.jar
7fb251010000-7fb251012000 r--s 0000a000 08:01 2506105                    /usr/share/java/commons-cli.jar
7fb251012000-7fb251014000 r--s 00003000 08:01 2506429                    /usr/share/java/jcl-over-slf4j.jar
7fb251014000-7fb251019000 r--s 00021000 08:01 2506371                    /usr/share/java/maven-resolver-util.jar
7fb251019000-7fb251026000 r--s 0008b000 08:01 2506471                    /usr/share/java/maven3-core.jar
7fb251026000-7fb25102e000 r--s 00072000 08:01 2506148                    /usr/share/java/commons-lang3.jar
7fb25102e000-7fb25105a000 r--s 00208000 08:01 2506211                    /usr/share/java/guava.jar
7fb25105a000-7fb25105c000 r--s 00006000 08:01 2506422                    /usr/share/java/plexus-sec-dispatcher.jar
7fb25105c000-7fb25105f000 r--s 00011000 08:01 2506415                    /usr/share/java/plexus-interpolation.jar
7fb25105f000-7fb251060000 r--s 00003000 08:01 2506393                    /usr/share/java/plexus-cipher.jar
7fb251060000-7fb251062000 r--s 00008000 08:01 2506364                    /usr/share/java/maven-resolver-connector-basic.jar
7fb251062000-7fb251064000 r--s 00001000 08:01 2506469                    /usr/share/java/maven3-builder-support.jar
7fb251064000-7fb251067000 r--s 00024000 08:01 2506386                    /usr/share/java/maven-shared-utils.jar
7fb251067000-7fb25106c000 r--s 00030000 08:01 2506133                    /usr/share/java/commons-io.jar
7fb25106c000-7fb251072000 r--s 0002d000 08:01 2506461                    /usr/share/java/sisu-plexus.jar
7fb251072000-7fb251079000 r--s 00054000 08:01 2506454                    /usr/share/java/sisu-inject.jar
7fb251079000-7fb251080000 r--s 00041000 08:01 2506470                    /usr/share/java/maven3-compat.jar
7fb251080000-7fb251081000 r--s 0000a000 08:01 2506479                    /usr/share/java/maven3-settings.jar
7fb251081000-7fb251086000 r--s 00025000 08:01 2506473                    /usr/share/java/maven3-model-builder.jar
7fb251086000-7fb251088000 r--s 00001000 08:01 2506231                    /usr/share/java/aopalliance-1.0.jar
7fb251088000-7fb25108a000 r--s 00007000 08:01 2506336                    /usr/share/java/jansi.jar
7fb25108a000-7fb25108d000 r--s 0000a000 08:01 2506468                    /usr/share/java/maven3-artifact.jar
7fb25108d000-7fb25108f000 r--s 0000a000 08:01 2506475                    /usr/share/java/maven3-plugin-api.jar
7fb25108f000-7fb251090000 r--s 00001000 08:01 2506512                    /usr/share/java/wagon-file.jar
7fb251090000-7fb251091000 r--s 00006000 08:01 2506476                    /usr/share/java/maven3-repository-metadata.jar
7fb251091000-7fb251093000 r--s 0000d000 08:01 2506477                    /usr/share/java/maven3-resolver-provider.jar
7fb251093000-7fb251096000 r--s 00027000 08:01 2506474                    /usr/share/java/maven3-model.jar
7fb251096000-7fb25109a000 r--s 0001f000 08:01 2506363                    /usr/share/java/maven-resolver-api.jar
7fb25109a000-7fb25109c000 r--s 0000b000 08:01 2506356                    /usr/share/java/wagon-provider-api.jar
7fb25109c000-7fb2510c9000 r--s 001ce000 08:01 2506519                    /usr/share/java/wagon-http-shaded-3.0.0.jar
7fb2510c9000-7fb2510cd000 r--s 00027000 08:01 2506365                    /usr/share/java/maven-resolver-impl.jar
7fb2510cd000-7fb2510ce000 r--s 00001000 08:01 2506055                    /usr/share/java/geronimo-interceptor-3.0-spec.jar
7fb2510ce000-7fb2510d1000 r--s 0000e000 08:01 2506085                    /usr/share/java/cdi-api.jar
7fb2510d1000-7fb2510d2000 ---p 00000000 00:00 0 
7fb2510d2000-7fb2511d2000 rw-p 00000000 00:00 0 
7fb2511d2000-7fb2511d5000 ---p 00000000 00:00 0 
7fb2511d5000-7fb2512d3000 rw-p 00000000 00:00 0 
7fb2512d3000-7fb2512d4000 ---p 00000000 00:00 0 
7fb2512d4000-7fb2512d7000 ---p 00000000 00:00 0 
7fb2512d7000-7fb2513d4000 rw-p 00000000 00:00 0 
7fb2513d4000-7fb2513d5000 ---p 00000000 00:00 0 
7fb2513d5000-7fb2513d8000 ---p 00000000 00:00 0 
7fb2513d8000-7fb2514d5000 rw-p 00000000 00:00 0 
7fb2514d5000-7fb2514d6000 ---p 00000000 00:00 0 
7fb2514d6000-7fb2514d9000 ---p 00000000 00:00 0 
7fb2514d9000-7fb2515d6000 rw-p 00000000 00:00 0 
7fb2515d6000-7fb2515d9000 ---p 00000000 00:00 0 
7fb2515d9000-7fb2516d7000 rw-p 00000000 00:00 0 
7fb2516d7000-7fb252208000 r--p 00000000 08:01 2099909                    /usr/lib/locale/locale-archive
7fb252208000-7fb25220b000 ---p 00000000 00:00 0 
7fb25220b000-7fb252309000 rw-p 00000000 00:00 0 
7fb252309000-7fb25230c000 ---p 00000000 00:00 0 
7fb25230c000-7fb25240a000 rw-p 00000000 00:00 0 
7fb25240a000-7fb25240b000 ---p 00000000 00:00 0 
7fb25240b000-7fb254000000 rw-p 00000000 00:00 0 
7fb254000000-7fb254027000 rw-p 00000000 00:00 0 
7fb254027000-7fb258000000 ---p 00000000 00:00 0 
7fb258000000-7fb258001000 r--s 00000000 08:01 2503816                    /usr/share/java/atinject-jsr330-api-1.0.jar
7fb258001000-7fb258003000 r--s 0000b000 08:01 2506400                    /usr/share/java/plexus-classworlds.jar
7fb258003000-7fb25801e000 r--s 00394000 08:01 2096618                    /usr/lib/jvm/java-8-openjdk-amd64/jre/lib/ext/cldrdata.jar
7fb25801e000-7fb258021000 r--s 0000f000 08:01 2096620                    /usr/lib/jvm/java-8-openjdk-amd64/jre/lib/ext/icedtea-sound.jar
7fb258021000-7fb258084000 rw-p 00000000 00:00 0 
7fb258084000-7fb258253000 r--s 03c3b000 08:01 2099993                    /usr/lib/jvm/java-8-openjdk-amd64/jre/lib/rt.jar
7fb258253000-7fb25c0b3000 rw-p 00000000 00:00 0 
7fb25c0b3000-7fb25c0b4000 ---p 00000000 00:00 0 
7fb25c0b4000-7fb25c1b4000 rw-p 00000000 00:00 0 
7fb25c1b4000-7fb25c1b5000 ---p 00000000 00:00 0 
7fb25c1b5000-7fb25c2b5000 rw-p 00000000 00:00 0 
7fb25c2b5000-7fb25c2b6000 ---p 00000000 00:00 0 
7fb25c2b6000-7fb25c420000 rw-p 00000000 00:00 0 
7fb25c420000-7fb25c650000 ---p 00000000 00:00 0 
7fb25c650000-7fb25c6ba000 rw-p 00000000 00:00 0 
7fb25c6ba000-7fb25c8e9000 ---p 00000000 00:00 0 
7fb25c8e9000-7fb25c9df000 rw-p 00000000 00:00 0 
7fb25c9df000-7fb25ca36000 ---p 00000000 00:00 0 
7fb25ca36000-7fb25caa9000 rw-p 00000000 00:00 0 
7fb25caa9000-7fb25cdf7000 ---p 00000000 00:00 0 
7fb25cdf7000-7fb25ea57000 rwxp 00000000 00:00 0 
7fb25ea57000-7fb26bdf7000 ---p 00000000 00:00 0 
7fb26bdf7000-7fb26bdff000 r-xp 00000000 08:01 2096604                    /usr/lib/jvm/java-8-openjdk-amd64/jre/lib/amd64/libzip.so
7fb26bdff000-7fb26bffe000 ---p 00008000 08:01 2096604                    /usr/lib/jvm/java-8-openjdk-amd64/jre/lib/amd64/libzip.so
7fb26bffe000-7fb26bfff000 r--p 00007000 08:01 2096604                    /usr/lib/jvm/java-8-openjdk-amd64/jre/lib/amd64/libzip.so
7fb26bfff000-7fb26c000000 rw-p 00008000 08:01 2096604                    /usr/lib/jvm/java-8-openjdk-amd64/jre/lib/amd64/libzip.so
7fb26c000000-7fb26d3cd000 rw-p 00000000 00:00 0 
7fb26d3cd000-7fb270000000 ---p 00000000 00:00 0 
7fb270000000-7fb270002000 r--s 00007000 08:01 2503709                    /usr/share/java/java-atk-wrapper.jar
7fb270002000-7fb270004000 r--s 00008000 08:01 2096790                    /usr/lib/jvm/java-8-openjdk-amd64/jre/lib/ext/sunec.jar
7fb270004000-7fb270005000 r--s 0000a000 08:01 2096621                    /usr/lib/jvm/java-8-openjdk-amd64/jre/lib/ext/jaccess.jar
7fb270005000-7fb27000f000 r--s 00116000 08:01 2096622                    /usr/lib/jvm/java-8-openjdk-amd64/jre/lib/ext/localedata.jar
7fb27000f000-7fb2700f4000 rw-p 00000000 00:00 0 
7fb2700f4000-7fb2700f5000 ---p 00000000 00:00 0 
7fb2700f5000-7fb2701f5000 rw-p 00000000 00:00 0 
7fb2701f5000-7fb270200000 r-xp 00000000 08:01 267255                     /lib/x86_64-linux-gnu/libnss_files-2.27.so
7fb270200000-7fb2703ff000 ---p 0000b000 08:01 267255                     /lib/x86_64-linux-gnu/libnss_files-2.27.so
7fb2703ff000-7fb270400000 r--p 0000a000 08:01 267255                     /lib/x86_64-linux-gnu/libnss_files-2.27.so
7fb270400000-7fb270401000 rw-p 0000b000 08:01 267255                     /lib/x86_64-linux-gnu/libnss_files-2.27.so
7fb270401000-7fb270407000 rw-p 00000000 00:00 0 
7fb270407000-7fb27041e000 r-xp 00000000 08:01 267249                     /lib/x86_64-linux-gnu/libnsl-2.27.so
7fb27041e000-7fb27061d000 ---p 00017000 08:01 267249                     /lib/x86_64-linux-gnu/libnsl-2.27.so
7fb27061d000-7fb27061e000 r--p 00016000 08:01 267249                     /lib/x86_64-linux-gnu/libnsl-2.27.so
7fb27061e000-7fb27061f000 rw-p 00017000 08:01 267249                     /lib/x86_64-linux-gnu/libnsl-2.27.so
7fb27061f000-7fb270621000 rw-p 00000000 00:00 0 
7fb270621000-7fb27062c000 r-xp 00000000 08:01 267266                     /lib/x86_64-linux-gnu/libnss_nis-2.27.so
7fb27062c000-7fb27082b000 ---p 0000b000 08:01 267266                     /lib/x86_64-linux-gnu/libnss_nis-2.27.so
7fb27082b000-7fb27082c000 r--p 0000a000 08:01 267266                     /lib/x86_64-linux-gnu/libnss_nis-2.27.so
7fb27082c000-7fb27082d000 rw-p 0000b000 08:01 267266                     /lib/x86_64-linux-gnu/libnss_nis-2.27.so
7fb27082d000-7fb270835000 r-xp 00000000 08:01 267251                     /lib/x86_64-linux-gnu/libnss_compat-2.27.so
7fb270835000-7fb270a35000 ---p 00008000 08:01 267251                     /lib/x86_64-linux-gnu/libnss_compat-2.27.so
7fb270a35000-7fb270a36000 r--p 00008000 08:01 267251                     /lib/x86_64-linux-gnu/libnss_compat-2.27.so
7fb270a36000-7fb270a37000 rw-p 00009000 08:01 267251                     /lib/x86_64-linux-gnu/libnss_compat-2.27.so
7fb270a37000-7fb270a63000 r-xp 00000000 08:01 2095707                    /usr/lib/jvm/java-8-openjdk-amd64/jre/lib/amd64/libjava.so
7fb270a63000-7fb270c62000 ---p 0002c000 08:01 2095707                    /usr/lib/jvm/java-8-openjdk-amd64/jre/lib/amd64/libjava.so
7fb270c62000-7fb270c63000 r--p 0002b000 08:01 2095707                    /usr/lib/jvm/java-8-openjdk-amd64/jre/lib/amd64/libjava.so
7fb270c63000-7fb270c65000 rw-p 0002c000 08:01 2095707                    /usr/lib/jvm/java-8-openjdk-amd64/jre/lib/amd64/libjava.so
7fb270c65000-7fb270c75000 r-xp 00000000 08:01 2096603                    /usr/lib/jvm/java-8-openjdk-amd64/jre/lib/amd64/libverify.so
7fb270c75000-7fb270e74000 ---p 00010000 08:01 2096603                    /usr/lib/jvm/java-8-openjdk-amd64/jre/lib/amd64/libverify.so
7fb270e74000-7fb270e76000 r--p 0000f000 08:01 2096603                    /usr/lib/jvm/java-8-openjdk-amd64/jre/lib/amd64/libverify.so
7fb270e76000-7fb270e77000 rw-p 00011000 08:01 2096603                    /usr/lib/jvm/java-8-openjdk-amd64/jre/lib/amd64/libverify.so
7fb270e77000-7fb270e7e000 r-xp 00000000 08:01 267306                     /lib/x86_64-linux-gnu/librt-2.27.so
7fb270e7e000-7fb27107d000 ---p 00007000 08:01 267306                     /lib/x86_64-linux-gnu/librt-2.27.so
7fb27107d000-7fb27107e000 r--p 00006000 08:01 267306                     /lib/x86_64-linux-gnu/librt-2.27.so
7fb27107e000-7fb27107f000 rw-p 00007000 08:01 267306                     /lib/x86_64-linux-gnu/librt-2.27.so
7fb27107f000-7fb271096000 r-xp 00000000 08:01 262329                     /lib/x86_64-linux-gnu/libgcc_s.so.1
7fb271096000-7fb271295000 ---p 00017000 08:01 262329                     /lib/x86_64-linux-gnu/libgcc_s.so.1
7fb271295000-7fb271296000 r--p 00016000 08:01 262329                     /lib/x86_64-linux-gnu/libgcc_s.so.1
7fb271296000-7fb271297000 rw-p 00017000 08:01 262329                     /lib/x86_64-linux-gnu/libgcc_s.so.1
7fb271297000-7fb271434000 r-xp 00000000 08:01 267228                     /lib/x86_64-linux-gnu/libm-2.27.so
7fb271434000-7fb271633000 ---p 0019d000 08:01 267228                     /lib/x86_64-linux-gnu/libm-2.27.so
7fb271633000-7fb271634000 r--p 0019c000 08:01 267228                     /lib/x86_64-linux-gnu/libm-2.27.so
7fb271634000-7fb271635000 rw-p 0019d000 08:01 267228                     /lib/x86_64-linux-gnu/libm-2.27.so
7fb271635000-7fb2717ae000 r-xp 00000000 08:01 2094489                    /usr/lib/x86_64-linux-gnu/libstdc++.so.6.0.25
7fb2717ae000-7fb2719ae000 ---p 00179000 08:01 2094489                    /usr/lib/x86_64-linux-gnu/libstdc++.so.6.0.25
7fb2719ae000-7fb2719b8000 r--p 00179000 08:01 2094489                    /usr/lib/x86_64-linux-gnu/libstdc++.so.6.0.25
7fb2719b8000-7fb2719ba000 rw-p 00183000 08:01 2094489                    /usr/lib/x86_64-linux-gnu/libstdc++.so.6.0.25
7fb2719ba000-7fb2719be000 rw-p 00000000 00:00 0 
7fb2719be000-7fb27265b000 r-xp 00000000 08:01 2096607                    /usr/lib/jvm/java-8-openjdk-amd64/jre/lib/amd64/server/libjvm.so
7fb27265b000-7fb27285a000 ---p 00c9d000 08:01 2096607                    /usr/lib/jvm/java-8-openjdk-amd64/jre/lib/amd64/server/libjvm.so
7fb27285a000-7fb2728ee000 r--p 00c9c000 08:01 2096607                    /usr/lib/jvm/java-8-openjdk-amd64/jre/lib/amd64/server/libjvm.so
7fb2728ee000-7fb272917000 rw-p 00d30000 08:01 2096607                    /usr/lib/jvm/java-8-openjdk-amd64/jre/lib/amd64/server/libjvm.so
7fb272917000-7fb272947000 rw-p 00000000 00:00 0 
7fb272947000-7fb272961000 r-xp 00000000 08:01 267298                     /lib/x86_64-linux-gnu/libpthread-2.27.so
7fb272961000-7fb272b60000 ---p 0001a000 08:01 267298                     /lib/x86_64-linux-gnu/libpthread-2.27.so
7fb272b60000-7fb272b61000 r--p 00019000 08:01 267298                     /lib/x86_64-linux-gnu/libpthread-2.27.so
7fb272b61000-7fb272b62000 rw-p 0001a000 08:01 267298                     /lib/x86_64-linux-gnu/libpthread-2.27.so
7fb272b62000-7fb272b66000 rw-p 00000000 00:00 0 
7fb272b66000-7fb272b69000 r-xp 00000000 08:01 267188                     /lib/x86_64-linux-gnu/libdl-2.27.so
7fb272b69000-7fb272d68000 ---p 00003000 08:01 267188                     /lib/x86_64-linux-gnu/libdl-2.27.so
7fb272d68000-7fb272d69000 r--p 00002000 08:01 267188                     /lib/x86_64-linux-gnu/libdl-2.27.so
7fb272d69000-7fb272d6a000 rw-p 00003000 08:01 267188                     /lib/x86_64-linux-gnu/libdl-2.27.so
7fb272d6a000-7fb272d86000 r-xp 00000000 08:01 267337                     /lib/x86_64-linux-gnu/libz.so.1.2.11
7fb272d86000-7fb272f85000 ---p 0001c000 08:01 267337                     /lib/x86_64-linux-gnu/libz.so.1.2.11
7fb272f85000-7fb272f86000 r--p 0001b000 08:01 267337                     /lib/x86_64-linux-gnu/libz.so.1.2.11
7fb272f86000-7fb272f87000 rw-p 0001c000 08:01 267337                     /lib/x86_64-linux-gnu/libz.so.1.2.11
7fb272f87000-7fb27316e000 r-xp 00000000 08:01 267165                     /lib/x86_64-linux-gnu/libc-2.27.so
7fb27316e000-7fb27336e000 ---p 001e7000 08:01 267165                     /lib/x86_64-linux-gnu/libc-2.27.so
7fb27336e000-7fb273372000 r--p 001e7000 08:01 267165                     /lib/x86_64-linux-gnu/libc-2.27.so
7fb273372000-7fb273374000 rw-p 001eb000 08:01 267165                     /lib/x86_64-linux-gnu/libc-2.27.so
7fb273374000-7fb273378000 rw-p 00000000 00:00 0 
7fb273378000-7fb273386000 r-xp 00000000 08:01 2094749                    /usr/lib/jvm/java-8-openjdk-amd64/jre/lib/amd64/jli/libjli.so
7fb273386000-7fb273585000 ---p 0000e000 08:01 2094749                    /usr/lib/jvm/java-8-openjdk-amd64/jre/lib/amd64/jli/libjli.so
7fb273585000-7fb273586000 r--p 0000d000 08:01 2094749                    /usr/lib/jvm/java-8-openjdk-amd64/jre/lib/amd64/jli/libjli.so
7fb273586000-7fb273587000 rw-p 0000e000 08:01 2094749                    /usr/lib/jvm/java-8-openjdk-amd64/jre/lib/amd64/jli/libjli.so
7fb273587000-7fb2735ae000 r-xp 00000000 08:01 267137                     /lib/x86_64-linux-gnu/ld-2.27.so
7fb2735ae000-7fb2735b0000 r--s 00001000 08:01 2096619                    /usr/lib/jvm/java-8-openjdk-amd64/jre/lib/ext/dnsns.jar
7fb2735b0000-7fb2735cb000 r--s 001d6000 08:01 2096623                    /usr/lib/jvm/java-8-openjdk-amd64/jre/lib/ext/nashorn.jar
7fb2735cb000-7fb273696000 rw-p 00000000 00:00 0 
7fb273696000-7fb273697000 ---p 00000000 00:00 0 
7fb273697000-7fb27369a000 ---p 00000000 00:00 0 
7fb27369a000-7fb273799000 rw-p 00000000 00:00 0 
7fb273799000-7fb27379e000 r--s 0003c000 08:01 2096791                    /usr/lib/jvm/java-8-openjdk-amd64/jre/lib/ext/sunjce_provider.jar
7fb27379e000-7fb27379f000 r--s 00010000 08:01 2096794                    /usr/lib/jvm/java-8-openjdk-amd64/jre/lib/ext/zipfs.jar
7fb27379f000-7fb2737a2000 r--s 00039000 08:01 2096793                    /usr/lib/jvm/java-8-openjdk-amd64/jre/lib/ext/sunpkcs11.jar
7fb2737a2000-7fb2737aa000 rw-s 00000000 08:01 1963331                    /tmp/hsperfdata_kafka/10752
7fb2737aa000-7fb2737ab000 rw-p 00000000 00:00 0 
7fb2737ab000-7fb2737ac000 ---p 00000000 00:00 0 
7fb2737ac000-7fb2737ae000 rw-p 00000000 00:00 0 
7fb2737ae000-7fb2737af000 r--p 00027000 08:01 267137                     /lib/x86_64-linux-gnu/ld-2.27.so
7fb2737af000-7fb2737b0000 rw-p 00028000 08:01 267137                     /lib/x86_64-linux-gnu/ld-2.27.so
7fb2737b0000-7fb2737b1000 rw-p 00000000 00:00 0 
7ffedff56000-7ffedff77000 rw-p 00000000 00:00 0                          [stack]
7ffedffe8000-7ffedffeb000 r--p 00000000 00:00 0                          [vvar]
7ffedffeb000-7ffedffed000 r-xp 00000000 00:00 0                          [vdso]
ffffffffff600000-ffffffffff601000 r-xp 00000000 00:00 0                  [vsyscall]

VM Arguments:
jvm_args: -Dclassworlds.conf=/usr/share/maven/bin/m2.conf -Dmaven.home=/usr/share/maven -Dlibrary.jansi.path=/usr/share/maven/lib/jansi-native -Dmaven.multiModuleProjectDirectory=/home/kafka/Desktop/kafka-consumer 
java_command: org.codehaus.plexus.classworlds.launcher.Launcher spring-boot:run
java_class_path (initial): /usr/share/maven/boot/plexus-classworlds-2.x.jar
Launcher Type: SUN_STANDARD

Environment Variables:
PATH=/usr/local/sbin:/usr/local/bin:/usr/sbin:/usr/bin:/sbin:/bin:/usr/games:/usr/local/games:/snap/bin:/home/kafka/kafka_2.12-2.2.0/bin
USERNAME=kafka
SHELL=/bin/bash
DISPLAY=:0

Signal Handlers:
SIGSEGV: [libjvm.so+0xab5000], sa_mask[0]=11111111011111111101111111111110, sa_flags=SA_RESTART|SA_SIGINFO
SIGBUS: [libjvm.so+0xab5000], sa_mask[0]=11111111011111111101111111111110, sa_flags=SA_RESTART|SA_SIGINFO
SIGFPE: [libjvm.so+0x8ea970], sa_mask[0]=11111111011111111101111111111110, sa_flags=SA_RESTART|SA_SIGINFO
SIGPIPE: [libjvm.so+0x8ea970], sa_mask[0]=11111111011111111101111111111110, sa_flags=SA_RESTART|SA_SIGINFO
SIGXFSZ: [libjvm.so+0x8ea970], sa_mask[0]=11111111011111111101111111111110, sa_flags=SA_RESTART|SA_SIGINFO
SIGILL: [libjvm.so+0x8ea970], sa_mask[0]=11111111011111111101111111111110, sa_flags=SA_RESTART|SA_SIGINFO
SIGUSR1: SIG_DFL, sa_mask[0]=00000000000000000000000000000000, sa_flags=none
SIGUSR2: [libjvm.so+0x8ea820], sa_mask[0]=00000000000000000000000000000000, sa_flags=SA_RESTART|SA_SIGINFO
SIGHUP: [libjvm.so+0x8eae90], sa_mask[0]=11111111011111111101111111111110, sa_flags=SA_RESTART|SA_SIGINFO
SIGINT: [libjvm.so+0x8eae90], sa_mask[0]=11111111011111111101111111111110, sa_flags=SA_RESTART|SA_SIGINFO
SIGTERM: [libjvm.so+0x8eae90], sa_mask[0]=11111111011111111101111111111110, sa_flags=SA_RESTART|SA_SIGINFO
SIGQUIT: [libjvm.so+0x8eae90], sa_mask[0]=11111111011111111101111111111110, sa_flags=SA_RESTART|SA_SIGINFO


---------------  S Y S T E M  ---------------

OS:DISTRIB_ID=Ubuntu
DISTRIB_RELEASE=18.04
DISTRIB_CODENAME=bionic
DISTRIB_DESCRIPTION="Ubuntu 18.04.2 LTS"

uname:Linux 4.18.0-21-generic #22~18.04.1-Ubuntu SMP Thu May 16 15:07:19 UTC 2019 x86_64
libc:glibc 2.27 NPTL 2.27 
rlimit: STACK 8192k, CORE 0k, NPROC 31652, NOFILE 4096, AS infinity
load average:1,26 1,20 5,65

/proc/meminfo:
MemTotal:        8167724 kB
MemFree:          124780 kB
MemAvailable:      68028 kB
Buffers:           10936 kB
Cached:           922796 kB
SwapCached:        18960 kB
Active:          6808968 kB
Inactive:         920000 kB
Active(anon):    6760000 kB
Inactive(anon):   865168 kB
Active(file):      48968 kB
Inactive(file):    54832 kB
Unevictable:          16 kB
Mlocked:              16 kB
SwapTotal:       2097148 kB
SwapFree:              0 kB
Dirty:               636 kB
Writeback:             8 kB
AnonPages:       6776792 kB
Mapped:           911476 kB
Shmem:            829560 kB
Slab:             151676 kB
SReclaimable:      52608 kB
SUnreclaim:        99068 kB
KernelStack:       22960 kB
PageTables:        73824 kB
NFS_Unstable:          0 kB
Bounce:                0 kB
WritebackTmp:          0 kB
CommitLimit:     6181008 kB
Committed_AS:   18251624 kB
VmallocTotal:   34359738367 kB
VmallocUsed:           0 kB
VmallocChunk:          0 kB
HardwareCorrupted:     0 kB
AnonHugePages:         0 kB
ShmemHugePages:        0 kB
ShmemPmdMapped:        0 kB
CmaTotal:              0 kB
CmaFree:               0 kB
HugePages_Total:       0
HugePages_Free:        0
HugePages_Rsvd:        0
HugePages_Surp:        0
Hugepagesize:       2048 kB
Hugetlb:               0 kB
DirectMap4k:      210880 kB
DirectMap2M:     8177664 kB

container (cgroup) information:
container_type: cgroupv1
cpu_cpuset_cpus: 0-3
cpu_memory_nodes: 0
active_processor_count: 4
cpu_quota: -1
cpu_period: 100000
cpu_shares: -1
memory_limit_in_bytes: -1
memory_and_swap_limit_in_bytes: -2
memory_soft_limit_in_bytes: -1
memory_usage_in_bytes: 8002990080
memory_max_usage_in_bytes: 8059330560


CPU:total 4 (initial active 4) (4 cores per cpu, 1 threads per core) family 6 model 94 stepping 3, cmov, cx8, fxsr, mmx, sse, sse2, sse3, ssse3, sse4.1, sse4.2, popcnt, avx, avx2, aes, clmul, 3dnowpref, lzcnt, tsc, tscinvbit

/proc/cpuinfo:
processor	: 0
vendor_id	: GenuineIntel
cpu family	: 6
model		: 94
model name	: Intel(R) Core(TM) i7-6700HQ CPU @ 2.60GHz
stepping	: 3
cpu MHz		: 2591.998
cache size	: 6144 KB
physical id	: 0
siblings	: 4
core id		: 0
cpu cores	: 4
apicid		: 0
initial apicid	: 0
fpu		: yes
fpu_exception	: yes
cpuid level	: 22
wp		: yes
flags		: fpu vme de pse tsc msr pae mce cx8 apic sep mtrr pge mca cmov pat pse36 clflush mmx fxsr sse sse2 ht syscall nx rdtscp lm constant_tsc rep_good nopl xtopology nonstop_tsc cpuid tsc_known_freq pni pclmulqdq ssse3 cx16 pcid sse4_1 sse4_2 x2apic movbe popcnt aes xsave avx rdrand hypervisor lahf_lm abm 3dnowprefetch invpcid_single pti fsgsbase avx2 invpcid rdseed clflushopt flush_l1d
bugs		: cpu_meltdown spectre_v1 spectre_v2 spec_store_bypass l1tf mds
bogomips	: 5183.99
clflush size	: 64
cache_alignment	: 64
address sizes	: 39 bits physical, 48 bits virtual
power management:

processor	: 1
vendor_id	: GenuineIntel
cpu family	: 6
model		: 94
model name	: Intel(R) Core(TM) i7-6700HQ CPU @ 2.60GHz
stepping	: 3
cpu MHz		: 2591.998
cache size	: 6144 KB
physical id	: 0
siblings	: 4
core id		: 1
cpu cores	: 4
apicid		: 1
initial apicid	: 1
fpu		: yes
fpu_exception	: yes
cpuid level	: 22
wp		: yes
flags		: fpu vme de pse tsc msr pae mce cx8 apic sep mtrr pge mca cmov pat pse36 clflush mmx fxsr sse sse2 ht syscall nx rdtscp lm constant_tsc rep_good nopl xtopology nonstop_tsc cpuid tsc_known_freq pni pclmulqdq ssse3 cx16 pcid sse4_1 sse4_2 x2apic movbe popcnt aes xsave avx rdrand hypervisor lahf_lm abm 3dnowprefetch invpcid_single pti fsgsbase avx2 invpcid rdseed clflushopt flush_l1d
bugs		: cpu_meltdown spectre_v1 spectre_v2 spec_store_bypass l1tf mds
bogomips	: 5183.99
clflush size	: 64
cache_alignment	: 64
address sizes	: 39 bits physical, 48 bits virtual
power management:

processor	: 2
vendor_id	: GenuineIntel
cpu family	: 6
model		: 94
model name	: Intel(R) Core(TM) i7-6700HQ CPU @ 2.60GHz
stepping	: 3
cpu MHz		: 2591.998
cache size	: 6144 KB
physical id	: 0
siblings	: 4
core id		: 2
cpu cores	: 4
apicid		: 2
initial apicid	: 2
fpu		: yes
fpu_exception	: yes
cpuid level	: 22
wp		: yes
flags		: fpu vme de pse tsc msr pae mce cx8 apic sep mtrr pge mca cmov pat pse36 clflush mmx fxsr sse sse2 ht syscall nx rdtscp lm constant_tsc rep_good nopl xtopology nonstop_tsc cpuid tsc_known_freq pni pclmulqdq ssse3 cx16 pcid sse4_1 sse4_2 x2apic movbe popcnt aes xsave avx rdrand hypervisor lahf_lm abm 3dnowprefetch invpcid_single pti fsgsbase avx2 invpcid rdseed clflushopt flush_l1d
bugs		: cpu_meltdown spectre_v1 spectre_v2 spec_store_bypass l1tf mds
bogomips	: 5183.99
clflush size	: 64
cache_alignment	: 64
address sizes	: 39 bits physical, 48 bits virtual
power management:

processor	: 3
vendor_id	: GenuineIntel
cpu family	: 6
model		: 94
model name	: Intel(R) Core(TM) i7-6700HQ CPU @ 2.60GHz
stepping	: 3
cpu MHz		: 2591.998
cache size	: 6144 KB
physical id	: 0
siblings	: 4
core id		: 3
cpu cores	: 4
apicid		: 3
initial apicid	: 3
fpu		: yes
fpu_exception	: yes
cpuid level	: 22
wp		: yes
flags		: fpu vme de pse tsc msr pae mce cx8 apic sep mtrr pge mca cmov pat pse36 clflush mmx fxsr sse sse2 ht syscall nx rdtscp lm constant_tsc rep_good nopl xtopology nonstop_tsc cpuid tsc_known_freq pni pclmulqdq ssse3 cx16 pcid sse4_1 sse4_2 x2apic movbe popcnt aes xsave avx rdrand hypervisor lahf_lm abm 3dnowprefetch invpcid_single pti fsgsbase avx2 invpcid rdseed clflushopt flush_l1d
bugs		: cpu_meltdown spectre_v1 spectre_v2 spec_store_bypass l1tf mds
bogomips	: 5183.99
clflush size	: 64
cache_alignment	: 64
address sizes	: 39 bits physical, 48 bits virtual
power management:



Memory: 4k page, physical 8167724k(124780k free), swap 2097148k(0k free)

vm_info: OpenJDK 64-Bit Server VM (25.212-b03) for linux-amd64 JRE (1.8.0_212-8u212-b03-0ubuntu1.18.04.1-b03), built on Apr 26 2019 01:04:36 by "buildd" with gcc 7.3.0

time: Sun Jun 16 22:24:51 2019
timezone: +03
elapsed time: 1974 seconds (0d 0h 32m 54s)

